<?xml version="1.0" encoding="utf-8"?><testsuites name="pytest tests"><testsuite name="pytest" errors="0" failures="0" skipped="0" tests="14" time="12.410" timestamp="2026-02-19T10:28:58.379365+00:00" hostname="agent-env-46bdf1a1-b5c6-49a5-8c33-f02e498ed155"><testcase classname="backend.tests.test_ad_template_editor.TestAdTemplateEditorAPIs" name="test_list_ad_templates" time="1.523" /><testcase classname="backend.tests.test_ad_template_editor.TestAdTemplateEditorAPIs" name="test_create_ad_template_banner" time="0.417" /><testcase classname="backend.tests.test_ad_template_editor.TestAdTemplateEditorAPIs" name="test_create_ad_template_popup" time="0.414" /><testcase classname="backend.tests.test_ad_template_editor.TestAdTemplateEditorAPIs" name="test_create_ad_template_sidebar" time="0.448" /><testcase classname="backend.tests.test_ad_template_editor.TestAdTemplateEditorAPIs" name="test_create_ad_template_native" time="0.458" /><testcase classname="backend.tests.test_ad_template_editor.TestAdTemplateEditorAPIs" name="test_create_ad_template_with_image_url" time="0.434" /><testcase classname="backend.tests.test_ad_template_editor.TestAdTemplateEditorAPIs" name="test_template_validation_missing_name" time="0.516" /><testcase classname="backend.tests.test_ad_template_editor.TestAdTemplateEditorAPIs" name="test_template_validation_missing_headline" time="0.446" /><testcase classname="backend.tests.test_ad_template_editor.TestAdTemplateEditorAPIs" name="test_seed_default_templates" time="0.482" /><testcase classname="backend.tests.test_ad_template_editor.TestAdTemplateEditorAPIs" name="test_delete_ad_template" time="1.342" /><testcase classname="backend.tests.test_ad_template_editor.TestAdTemplateEditorAPIs" name="test_delete_nonexistent_template" time="0.394" /><testcase classname="backend.tests.test_ad_template_editor.TestAdCampaignWithTemplates" name="test_list_ad_campaigns" time="1.159" /><testcase classname="backend.tests.test_ad_template_editor.TestAdCampaignWithTemplates" name="test_get_campaign_stats" time="0.844" /><testcase classname="backend.tests.test_ad_template_editor.TestCleanup" name="test_cleanup_test_templates" time="3.396" /></testsuite></testsuites>