<?xml version="1.0" encoding="utf-8"?><testsuites name="pytest tests"><testsuite name="pytest" errors="0" failures="0" skipped="11" tests="16" time="10.346" timestamp="2026-02-19T05:08:04.093373+00:00" hostname="agent-env-f6464af9-f8b1-47b8-8e4c-84b7787564cd"><testcase classname="backend.tests.test_iteration7_features.TestAuthentication" name="test_super_admin_login" time="0.965" /><testcase classname="backend.tests.test_iteration7_features.TestAuthentication" name="test_org_admin_login" time="0.765" /><testcase classname="backend.tests.test_iteration7_features.TestAuditLogsAPI" name="test_get_audit_logs" time="1.128" /><testcase classname="backend.tests.test_iteration7_features.TestAuditLogsAPI" name="test_audit_logs_columns" time="1.074" /><testcase classname="backend.tests.test_iteration7_features.TestAuditLogsAPI" name="test_audit_logs_filtering" time="1.907" /><testcase classname="backend.tests.test_iteration7_features.TestAuditLogsAPI" name="test_audit_logs_pagination" time="0.383"><skipped type="pytest.skip" message="Cannot authenticate as super admin">/app/backend/tests/test_iteration7_features.py:125: Cannot authenticate as super admin</skipped></testcase><testcase classname="backend.tests.test_iteration7_features.TestAuditLogsExport" name="test_export_csv" time="0.378"><skipped type="pytest.skip" message="Cannot authenticate as super admin">/app/backend/tests/test_iteration7_features.py:152: Cannot authenticate as super admin</skipped></testcase><testcase classname="backend.tests.test_iteration7_features.TestAuditLogsExport" name="test_export_json" time="0.405"><skipped type="pytest.skip" message="Cannot authenticate as super admin">/app/backend/tests/test_iteration7_features.py:175: Cannot authenticate as super admin</skipped></testcase><testcase classname="backend.tests.test_iteration7_features.TestAuditLogsExport" name="test_export_with_filters" time="0.385"><skipped type="pytest.skip" message="Cannot authenticate as super admin">/app/backend/tests/test_iteration7_features.py:192: Cannot authenticate as super admin</skipped></testcase><testcase classname="backend.tests.test_iteration7_features.TestPermissionsAPI" name="test_list_users" time="0.377"><skipped type="pytest.skip" message="Cannot authenticate as super admin">/app/backend/tests/test_iteration7_features.py:219: Cannot authenticate as super admin</skipped></testcase><testcase classname="backend.tests.test_iteration7_features.TestPermissionsAPI" name="test_permissions_roles_endpoint" time="0.382"><skipped type="pytest.skip" message="Cannot authenticate as super admin">/app/backend/tests/test_iteration7_features.py:244: Cannot authenticate as super admin</skipped></testcase><testcase classname="backend.tests.test_iteration7_features.TestPermissionsAPI" name="test_permissions_available_endpoint" time="0.395"><skipped type="pytest.skip" message="Cannot authenticate as super admin">/app/backend/tests/test_iteration7_features.py:254: Cannot authenticate as super admin</skipped></testcase><testcase classname="backend.tests.test_iteration7_features.TestSecurityDashboard" name="test_security_dashboard" time="0.387"><skipped type="pytest.skip" message="Cannot authenticate as super admin">/app/backend/tests/test_iteration7_features.py:281: Cannot authenticate as super admin</skipped></testcase><testcase classname="backend.tests.test_iteration7_features.TestSecurityDashboard" name="test_login_history" time="0.407"><skipped type="pytest.skip" message="Cannot authenticate as super admin">/app/backend/tests/test_iteration7_features.py:295: Cannot authenticate as super admin</skipped></testcase><testcase classname="backend.tests.test_iteration7_features.TestRoleBasedAccess" name="test_org_admin_cannot_access_security_dashboard" time="0.394"><skipped type="pytest.skip" message="Org admin user doesn't exist">/app/backend/tests/test_iteration7_features.py:319: Org admin user doesn't exist</skipped></testcase><testcase classname="backend.tests.test_iteration7_features.TestRoleBasedAccess" name="test_org_admin_cannot_export_audit_logs" time="0.426"><skipped type="pytest.skip" message="Org admin user doesn't exist">/app/backend/tests/test_iteration7_features.py:338: Org admin user doesn't exist</skipped></testcase></testsuite></testsuites>