<?xml version="1.0" encoding="utf-8"?><testsuites name="pytest tests"><testsuite name="pytest" errors="0" failures="0" skipped="2" tests="20" time="2.846" timestamp="2026-04-19T23:58:43.423293+00:00" hostname="agent-env-05d50ebf-28d0-4fbe-a97d-dcec51235a31"><testcase classname="backend.tests.test_iteration_28_pagebuilder_cookie.TestPagePresets" name="test_presets_requires_admin" time="0.241" /><testcase classname="backend.tests.test_iteration_28_pagebuilder_cookie.TestPagePresets" name="test_presets_has_seven_keys" time="0.537" /><testcase classname="backend.tests.test_iteration_28_pagebuilder_cookie.TestPagePresets" name="test_news_preset_hero_empty_button" time="0.056" /><testcase classname="backend.tests.test_iteration_28_pagebuilder_cookie.TestPagePresets" name="test_blog_preset_second_block_blog_list" time="0.051" /><testcase classname="backend.tests.test_iteration_28_pagebuilder_cookie.TestBlockTemplates" name="test_block_templates_include_dynamic" time="0.054" /><testcase classname="backend.tests.test_iteration_28_pagebuilder_cookie.TestSeedReserved" name="test_seed_reserved_idempotent_four_slugs" time="0.112" /><testcase classname="backend.tests.test_iteration_28_pagebuilder_cookie.TestSeedReserved" name="test_seeded_pages_flags" time="0.107" /><testcase classname="backend.tests.test_iteration_28_pagebuilder_cookie.TestResetToPreset" name="test_reset_replaces_blocks_preserves_meta" time="0.214" /><testcase classname="backend.tests.test_iteration_28_pagebuilder_cookie.TestResetToPreset" name="test_reset_404_missing_page" time="0.053" /><testcase classname="backend.tests.test_iteration_28_pagebuilder_cookie.TestResetToPreset" name="test_reset_400_no_preset_for_type" time="0.161" /><testcase classname="backend.tests.test_iteration_28_pagebuilder_cookie.TestResetToPreset" name="test_reset_requires_admin" time="0.049" /><testcase classname="backend.tests.test_iteration_28_pagebuilder_cookie.TestMixedFeedQuery" name="test_mixed_feed_shape" time="0.073" /><testcase classname="backend.tests.test_iteration_28_pagebuilder_cookie.TestMixedFeedQuery" name="test_mixed_feed_pagination_different_pages" time="0.096"><skipped type="pytest.skip" message="Not enough admin news (0) to verify pagination">/app/backend/tests/test_iteration_28_pagebuilder_cookie.py:278: Not enough admin news (0) to verify pagination</skipped></testcase><testcase classname="backend.tests.test_iteration_28_pagebuilder_cookie.TestMixedFeedQuery" name="test_mixed_feed_source_filter" time="0.049" /><testcase classname="backend.tests.test_iteration_28_pagebuilder_cookie.TestMixedFeedQuery" name="test_mixed_feed_sort_param" time="0.097"><skipped type="pytest.skip" message="not enough items to verify sort">/app/backend/tests/test_iteration_28_pagebuilder_cookie.py:305: not enough items to verify sort</skipped></testcase><testcase classname="backend.tests.test_iteration_28_pagebuilder_cookie.TestCookieConsent" name="test_get_cookie_consent_public" time="0.055" /><testcase classname="backend.tests.test_iteration_28_pagebuilder_cookie.TestCookieConsent" name="test_patch_cookie_consent_rejects_anon" time="0.052" /><testcase classname="backend.tests.test_iteration_28_pagebuilder_cookie.TestCookieConsent" name="test_patch_cookie_consent_admin_partial" time="0.162" /><testcase classname="backend.tests.test_iteration_28_pagebuilder_cookie.TestRegression" name="test_blog_list_endpoint" time="0.053" /><testcase classname="backend.tests.test_iteration_28_pagebuilder_cookie.TestRegression" name="test_pages_custom_slug_when_published" time="0.516" /></testsuite></testsuites>