<?xml version="1.0" encoding="utf-8"?><testsuites name="pytest tests"><testsuite name="pytest" errors="0" failures="0" skipped="3" tests="18" time="11.993" timestamp="2026-02-19T08:21:04.868097+00:00" hostname="agent-env-aa5678fa-0ba9-45f5-afc6-fb074cef4175"><testcase classname="backend.tests.test_iteration12_features.TestPhishingTracking" name="test_tracking_url_returns_landing_page" time="0.617" /><testcase classname="backend.tests.test_iteration12_features.TestPhishingTracking" name="test_tracking_url_content_structure" time="0.521" /><testcase classname="backend.tests.test_iteration12_features.TestAuthentication" name="test_login_super_admin" time="0.752" /><testcase classname="backend.tests.test_iteration12_features.TestCampaignOperations" name="test_list_campaigns" time="1.074" /><testcase classname="backend.tests.test_iteration12_features.TestCampaignOperations" name="test_list_organizations" time="0.407" /><testcase classname="backend.tests.test_iteration12_features.TestCampaignOperations" name="test_list_users" time="0.388" /><testcase classname="backend.tests.test_iteration12_features.TestCampaignOperations" name="test_get_campaign_details" time="1.013" /><testcase classname="backend.tests.test_iteration12_features.TestCampaignOperations" name="test_duplicate_campaign_api" time="0.839" /><testcase classname="backend.tests.test_iteration12_features.TestCampaignOperations" name="test_update_draft_campaign" time="0.819" /><testcase classname="backend.tests.test_iteration12_features.TestTemplateOperations" name="test_list_templates" time="1.113" /><testcase classname="backend.tests.test_iteration12_features.TestTemplateOperations" name="test_create_template" time="0.905" /><testcase classname="backend.tests.test_iteration12_features.TestMediaUpload" name="test_media_upload_endpoint_exists" time="1.062" /><testcase classname="backend.tests.test_iteration12_features.TestMediaUpload" name="test_list_media" time="0.394" /><testcase classname="backend.tests.test_iteration12_features.TestPageBuilder" name="test_list_custom_pages_public" time="0.419" /><testcase classname="backend.tests.test_iteration12_features.TestPageBuilder" name="test_page_builder_api_exists" time="1.122" /><testcase classname="backend.tests.test_iteration12_features.TestPhishingStats" name="test_phishing_stats" time="0.392"><skipped type="pytest.skip" message="Authentication failed">/app/backend/tests/test_iteration12_features.py:307: Authentication failed</skipped></testcase><testcase classname="backend.tests.test_iteration12_features.TestPhishingStats" name="test_click_details" time="0.000"><skipped type="pytest.skip" message="Authentication failed">/app/backend/tests/test_iteration12_features.py:317: Authentication failed</skipped></testcase><testcase classname="backend.tests.test_iteration12_features.TestPhishingStats" name="test_best_performing_campaigns" time="0.000"><skipped type="pytest.skip" message="Authentication failed">/app/backend/tests/test_iteration12_features.py:326: Authentication failed</skipped></testcase></testsuite></testsuites>