<?xml version="1.0" encoding="utf-8"?><testsuites name="pytest tests"><testsuite name="pytest" errors="0" failures="11" skipped="0" tests="17" time="10.801" timestamp="2026-02-19T07:02:26.819438+00:00" hostname="agent-env-f6f6ce6e-9f5c-4358-b522-03a52e75081c"><testcase classname="tests.test_iteration10_features.TestHealthAndAuth" name="test_health_endpoint" time="0.605" /><testcase classname="tests.test_iteration10_features.TestHealthAndAuth" name="test_super_admin_login" time="0.826"><failure message="AssertionError: No access_token in response&#10;assert 'access_token' in {'token': 'eyJhbGciOiJIUzI1NiIsInR5cCI6IkpXVCJ9.eyJ1c2VyX2lkIjoidXNlcl9mNDdlYjEyYTdlNjYiLCJlbWFpbCI6ImtpbmdzbGV5QHZhc2lsaXNuZXRzaGllbGQuY29tIiwicm9sZSI6InN1cGVyX2FkbWluIiwidHlwZSI6ImFjY2VzcyIsImV4cCI6MTc3MTU3MDk0OH0.WUGW_cWMmESg6AKDS_EJMSO9U9fnonJX_EdAm4cqMQw', 'user': {'created_at': '2026-02-17T10:18:19.575152Z', 'email': 'kingsley@vasilisnetshield.com', 'name': 'KINGSLEY IHESIENE', 'organization_id': None, ...}}">tests/test_iteration10_features.py:35: in test_super_admin_login
    assert "access_token" in data, "No access_token in response"
E   AssertionError: No access_token in response
E   assert 'access_token' in {'token': 'eyJhbGciOiJIUzI1NiIsInR5cCI6IkpXVCJ9.eyJ1c2VyX2lkIjoidXNlcl9mNDdlYjEyYTdlNjYiLCJlbWFpbCI6ImtpbmdzbGV5QHZhc2lsaXNuZXRzaGllbGQuY29tIiwicm9sZSI6InN1cGVyX2FkbWluIiwidHlwZSI6ImFjY2VzcyIsImV4cCI6MTc3MTU3MDk0OH0.WUGW_cWMmESg6AKDS_EJMSO9U9fnonJX_EdAm4cqMQw', 'user': {'created_at': '2026-02-17T10:18:19.575152Z', 'email': 'kingsley@vasilisnetshield.com', 'name': 'KINGSLEY IHESIENE', 'organization_id': None, ...}}</failure></testcase><testcase classname="tests.test_iteration10_features.TestPhishingStats" name="test_phishing_stats_requires_auth" time="0.429" /><testcase classname="tests.test_iteration10_features.TestPhishingStats" name="test_phishing_stats_returns_data" time="1.260"><failure message="AssertionError: Stats request failed: {&quot;detail&quot;:&quot;Invalid token&quot;}&#10;assert 401 == 200&#10; +  where 401 = &lt;Response [401]&gt;.status_code">tests/test_iteration10_features.py:69: in test_phishing_stats_returns_data
    assert response.status_code == 200, f"Stats request failed: {response.text}"
E   AssertionError: Stats request failed: {"detail":"Invalid token"}
E   assert 401 == 200
E    +  where 401 = &lt;Response [401]&gt;.status_code</failure></testcase><testcase classname="tests.test_iteration10_features.TestPhishingStats" name="test_phishing_stats_with_days_filter" time="0.432"><failure message="AssertionError: Stats with days filter failed: {&quot;detail&quot;:&quot;Invalid token&quot;}&#10;assert 401 == 200&#10; +  where 401 = &lt;Response [401]&gt;.status_code">tests/test_iteration10_features.py:93: in test_phishing_stats_with_days_filter
    assert response.status_code == 200, f"Stats with days filter failed: {response.text}"
E   AssertionError: Stats with days filter failed: {"detail":"Invalid token"}
E   assert 401 == 200
E    +  where 401 = &lt;Response [401]&gt;.status_code</failure></testcase><testcase classname="tests.test_iteration10_features.TestPageBuilder" name="test_block_templates_endpoint" time="1.122"><failure message="AssertionError: Block templates failed: {&quot;detail&quot;:&quot;Invalid token&quot;}&#10;assert 401 == 200&#10; +  where 401 = &lt;Response [401]&gt;.status_code">tests/test_iteration10_features.py:112: in test_block_templates_endpoint
    assert response.status_code == 200, f"Block templates failed: {response.text}"
E   AssertionError: Block templates failed: {"detail":"Invalid token"}
E   assert 401 == 200
E    +  where 401 = &lt;Response [401]&gt;.status_code</failure></testcase><testcase classname="tests.test_iteration10_features.TestPageBuilder" name="test_list_custom_pages" time="0.452" /><testcase classname="tests.test_iteration10_features.TestPageBuilder" name="test_create_custom_page" time="0.467"><failure message="AssertionError: Create page failed: {&quot;detail&quot;:&quot;Invalid token&quot;}&#10;assert 401 == 200&#10; +  where 401 = &lt;Response [401]&gt;.status_code">tests/test_iteration10_features.py:170: in test_create_custom_page
    assert response.status_code == 200, f"Create page failed: {response.text}"
E   AssertionError: Create page failed: {"detail":"Invalid token"}
E   assert 401 == 200
E    +  where 401 = &lt;Response [401]&gt;.status_code</failure></testcase><testcase classname="tests.test_iteration10_features.TestPageBuilder" name="test_create_and_get_page_by_slug" time="0.417"><failure message="assert 401 == 200&#10; +  where 401 = &lt;Response [401]&gt;.status_code">tests/test_iteration10_features.py:204: in test_create_and_get_page_by_slug
    assert create_response.status_code == 200
E   assert 401 == 200
E    +  where 401 = &lt;Response [401]&gt;.status_code</failure></testcase><testcase classname="tests.test_iteration10_features.TestPageBuilder" name="test_create_page_with_contact_form_block" time="0.446"><failure message="AssertionError: Create contact page failed: {&quot;detail&quot;:&quot;Invalid token&quot;}&#10;assert 401 == 200&#10; +  where 401 = &lt;Response [401]&gt;.status_code">tests/test_iteration10_features.py:248: in test_create_page_with_contact_form_block
    assert response.status_code == 200, f"Create contact page failed: {response.text}"
E   AssertionError: Create contact page failed: {"detail":"Invalid token"}
E   assert 401 == 200
E    +  where 401 = &lt;Response [401]&gt;.status_code</failure></testcase><testcase classname="tests.test_iteration10_features.TestPageBuilder" name="test_create_page_with_event_registration_block" time="0.437"><failure message="AssertionError: Create event page failed: {&quot;detail&quot;:&quot;Invalid token&quot;}&#10;assert 401 == 200&#10; +  where 401 = &lt;Response [401]&gt;.status_code">tests/test_iteration10_features.py:288: in test_create_page_with_event_registration_block
    assert response.status_code == 200, f"Create event page failed: {response.text}"
E   AssertionError: Create event page failed: {"detail":"Invalid token"}
E   assert 401 == 200
E    +  where 401 = &lt;Response [401]&gt;.status_code</failure></testcase><testcase classname="tests.test_iteration10_features.TestPageBuilder" name="test_update_page" time="0.429"><failure message="assert 401 == 200&#10; +  where 401 = &lt;Response [401]&gt;.status_code">tests/test_iteration10_features.py:315: in test_update_page
    assert create_response.status_code == 200
E   assert 401 == 200
E    +  where 401 = &lt;Response [401]&gt;.status_code</failure></testcase><testcase classname="tests.test_iteration10_features.TestPageBuilder" name="test_delete_page" time="0.424"><failure message="KeyError: 'page_id'">tests/test_iteration10_features.py:345: in test_delete_page
    page_id = create_response.json()["page_id"]
              ^^^^^^^^^^^^^^^^^^^^^^^^^^^^^^^^^
E   KeyError: 'page_id'</failure></testcase><testcase classname="tests.test_iteration10_features.TestPageBuilder" name="test_duplicate_slug_rejected" time="0.426"><failure message="assert 401 == 200&#10; +  where 401 = &lt;Response [401]&gt;.status_code">tests/test_iteration10_features.py:363: in test_duplicate_slug_rejected
    assert create1.status_code == 200
E   assert 401 == 200
E    +  where 401 = &lt;Response [401]&gt;.status_code</failure></testcase><testcase classname="tests.test_iteration10_features.TestLandingPage" name="test_get_landing_page_public" time="0.408" /><testcase classname="tests.test_iteration10_features.TestAccountLockoutNotification" name="test_failed_login_attempts" time="1.339" /><testcase classname="tests.test_iteration10_features.TestAccountLockoutNotification" name="test_lockout_after_excessive_attempts" time="0.421" /></testsuite></testsuites>