<?xml version="1.0" encoding="utf-8"?><testsuites name="pytest tests"><testsuite name="pytest" errors="0" failures="0" skipped="0" tests="11" time="4.493" timestamp="2026-04-20T00:34:43.173665+00:00" hostname="agent-env-05d50ebf-28d0-4fbe-a97d-dcec51235a31"><testcase classname="tests.test_iteration_29_backlog.TestRefreshAll" name="test_requires_admin" time="0.219" /><testcase classname="tests.test_iteration_29_backlog.TestRefreshAll" name="test_refresh_all_with_valid_and_invalid" time="2.136" /><testcase classname="tests.test_iteration_29_backlog.TestBackgroundLoop" name="test_function_exported" time="0.279" /><testcase classname="tests.test_iteration_29_backlog.TestBackgroundLoop" name="test_loop_started_log" time="0.012" /><testcase classname="tests.test_iteration_29_backlog.TestBlockTemplates" name="test_columns_template_present" time="0.132" /><testcase classname="tests.test_iteration_29_backlog.TestPagePresets" name="test_seven_presets" time="0.120" /><testcase classname="tests.test_iteration_29_backlog.TestUnpublishedPreview" name="test_preview_flow" time="0.800" /><testcase classname="tests.test_iteration_29_backlog.TestSeedReserved" name="test_idempotent_seed_four_pages" time="0.234" /><testcase classname="tests.test_iteration_29_backlog.TestNavigationPublic" name="test_clean_slugs" time="0.149" /><testcase classname="tests.test_iteration_29_backlog.TestMixedFeed" name="test_pagination_and_filters" time="0.108" /><testcase classname="tests.test_iteration_29_backlog.TestMixedFeed" name="test_mixed_source_works" time="0.260" /></testsuite></testsuites>