<?xml version="1.0" encoding="utf-8"?><testsuites name="pytest tests"><testsuite name="pytest" errors="0" failures="0" skipped="2" tests="20" time="12.382" timestamp="2026-02-19T09:17:08.182794+00:00" hostname="agent-env-aa5678fa-0ba9-45f5-afc6-fb074cef4175"><testcase classname="tests.test_iteration13_features.TestAuthAndSetup" name="test_login_success" time="0.960" /><testcase classname="tests.test_iteration13_features.TestPhishingTracking" name="test_tracking_link_shows_landing_page_not_homepage" time="0.468" /><testcase classname="tests.test_iteration13_features.TestPhishingTracking" name="test_tracking_pixel_endpoint_returns_image" time="0.394" /><testcase classname="tests.test_iteration13_features.TestPhishingCampaigns" name="test_list_campaigns" time="1.165" /><testcase classname="tests.test_iteration13_features.TestPhishingCampaigns" name="test_list_templates" time="0.399" /><testcase classname="tests.test_iteration13_features.TestPhishingCampaigns" name="test_campaign_duplicate_endpoint" time="0.776" /><testcase classname="tests.test_iteration13_features.TestPhishingCampaigns" name="test_campaign_stats_endpoint" time="0.838" /><testcase classname="tests.test_iteration13_features.TestPermissionsEndpoint" name="test_permissions_roles_endpoint" time="1.105" /><testcase classname="tests.test_iteration13_features.TestPermissionsEndpoint" name="test_permissions_available_endpoint" time="0.389" /><testcase classname="tests.test_iteration13_features.TestPermissionsEndpoint" name="test_my_permissions_endpoint" time="0.391" /><testcase classname="tests.test_iteration13_features.TestContactFormSubmission" name="test_contact_form_endpoint_exists" time="0.427" /><testcase classname="tests.test_iteration13_features.TestPhishingStats" name="test_phishing_stats" time="1.038" /><testcase classname="tests.test_iteration13_features.TestPhishingStats" name="test_click_details" time="0.400" /><testcase classname="tests.test_iteration13_features.TestTrainingFailures" name="test_training_failures_endpoint" time="1.053" /><testcase classname="tests.test_iteration13_features.TestTrainingFailures" name="test_training_failures_stats" time="0.401" /><testcase classname="tests.test_iteration13_features.TestPageBuilder" name="test_pages_list_endpoint" time="0.413"><skipped type="pytest.skip" message="Authentication failed">/app/backend/tests/test_iteration13_features.py:284: Authentication failed</skipped></testcase><testcase classname="tests.test_iteration13_features.TestPublicNavigation" name="test_public_navigation_endpoint" time="0.403"><skipped type="pytest.skip" message="Authentication failed">/app/backend/tests/test_iteration13_features.py:307: Authentication failed</skipped></testcase><testcase classname="tests.test_iteration13_features.TestPublicNavigation" name="test_public_pages_endpoint" time="0.418" /><testcase classname="tests.test_iteration13_features.TestHealthEndpoints" name="test_health_check" time="0.418" /><testcase classname="tests.test_iteration13_features.TestHealthEndpoints" name="test_root_endpoint" time="0.412" /></testsuite></testsuites>