<?xml version="1.0" encoding="utf-8"?><testsuites name="pytest tests"><testsuite name="pytest" errors="0" failures="0" skipped="0" tests="19" time="4.098" timestamp="2026-04-19T23:16:02.088058+00:00" hostname="agent-env-05d50ebf-28d0-4fbe-a97d-dcec51235a31"><testcase classname="tests.test_iteration_26_navigation_merge.TestNavigationPublic" name="test_public_nav_no_auth_returns_200" time="0.221" /><testcase classname="tests.test_iteration_26_navigation_merge.TestNavigationPublic" name="test_public_nav_contains_defaults" time="0.047" /><testcase classname="tests.test_iteration_26_navigation_merge.TestNavigationPublic" name="test_public_nav_sorted_by_sort_order" time="0.060" /><testcase classname="tests.test_iteration_26_navigation_merge.TestPageBuilderAutoSync" name="test_published_public_page_with_show_in_nav_is_merged" time="0.724" /><testcase classname="tests.test_iteration_26_navigation_merge.TestPageBuilderAutoSync" name="test_reserved_slug_maps_to_root_and_no_duplicate" time="0.147" /><testcase classname="tests.test_iteration_26_navigation_merge.TestPageBuilderAutoSync" name="test_unpublished_page_not_in_public_nav" time="0.160" /><testcase classname="tests.test_iteration_26_navigation_merge.TestPageBuilderAutoSync" name="test_non_public_auth_level_not_in_public_nav" time="0.162" /><testcase classname="tests.test_iteration_26_navigation_merge.TestNavigationCRUD" name="test_seed_defaults" time="0.058" /><testcase classname="tests.test_iteration_26_navigation_merge.TestNavigationCRUD" name="test_create_update_delete_nav_item" time="0.158" /><testcase classname="tests.test_iteration_26_navigation_merge.TestPagesCustomCmsEnterpriseOverride" name="test_get_nonexistent_returns_404" time="0.050" /><testcase classname="tests.test_iteration_26_navigation_merge.TestPagesCustomCmsEnterpriseOverride" name="test_published_public_page_is_readable_anonymously" time="0.169" /><testcase classname="tests.test_iteration_26_navigation_merge.TestPagesCustomCmsEnterpriseOverride" name="test_unpublished_page_404_for_anonymous" time="0.160" /><testcase classname="tests.test_iteration_26_navigation_merge.TestSidebarConfigs" name="test_list_requires_admin" time="0.045" /><testcase classname="tests.test_iteration_26_navigation_merge.TestSidebarConfigs" name="test_list_admin_ok" time="0.051" /><testcase classname="tests.test_iteration_26_navigation_merge.TestSidebarConfigs" name="test_crud_sidebar_config" time="0.207" /><testcase classname="tests.test_iteration_26_navigation_merge.TestContentAndNewsSanity" name="test_content_blog_list" time="0.050" /><testcase classname="tests.test_iteration_26_navigation_merge.TestContentAndNewsSanity" name="test_content_videos_list" time="0.046" /><testcase classname="tests.test_iteration_26_navigation_merge.TestContentAndNewsSanity" name="test_content_news_list" time="1.492" /><testcase classname="tests.test_iteration_26_navigation_merge.TestContentAndNewsSanity" name="test_news_feeds_admin" time="0.049" /></testsuite></testsuites>