<?xml version="1.0" encoding="utf-8"?><testsuites name="pytest tests"><testsuite name="pytest" errors="0" failures="0" skipped="3" tests="19" time="8.786" timestamp="2026-02-19T07:30:34.370589+00:00" hostname="agent-env-f6f6ce6e-9f5c-4358-b522-03a52e75081c"><testcase classname="backend.tests.test_iteration11_features.TestPhishingStats" name="test_phishing_stats_endpoint_returns_correct_fields" time="1.376" /><testcase classname="backend.tests.test_iteration11_features.TestPhishingStats" name="test_phishing_stats_with_days_filter" time="1.098" /><testcase classname="backend.tests.test_iteration11_features.TestClickDetails" name="test_click_details_endpoint_exists" time="0.368" /><testcase classname="backend.tests.test_iteration11_features.TestClickDetails" name="test_click_details_returns_user_info" time="0.372" /><testcase classname="backend.tests.test_iteration11_features.TestBestPerformingCampaigns" name="test_best_performing_endpoint_exists" time="0.369" /><testcase classname="backend.tests.test_iteration11_features.TestBestPerformingCampaigns" name="test_best_performing_with_limit_parameter" time="0.383" /><testcase classname="backend.tests.test_iteration11_features.TestBestPerformingCampaigns" name="test_best_performing_campaign_fields" time="0.368" /><testcase classname="backend.tests.test_iteration11_features.TestDuplicateCampaign" name="test_duplicate_campaign_endpoint_exists" time="0.365"><skipped type="pytest.skip" message="No campaigns available to test duplicate functionality">/app/backend/tests/test_iteration11_features.py:195: No campaigns available to test duplicate functionality</skipped></testcase><testcase classname="backend.tests.test_iteration11_features.TestAuditLogs" name="test_audit_logs_endpoint_returns_data" time="0.370" /><testcase classname="backend.tests.test_iteration11_features.TestAuditLogs" name="test_audit_logs_contain_user_name_column" time="0.370" /><testcase classname="backend.tests.test_iteration11_features.TestAuditLogs" name="test_audit_logs_filter_by_action" time="0.359" /><testcase classname="backend.tests.test_iteration11_features.TestScenarioManager" name="test_scenarios_endpoint_exists" time="0.360" /><testcase classname="backend.tests.test_iteration11_features.TestScenarioManager" name="test_create_scenario_with_different_types" time="0.729" /><testcase classname="backend.tests.test_iteration11_features.TestRBAC" name="test_super_admin_can_access_settings" time="0.364" /><testcase classname="backend.tests.test_iteration11_features.TestRBAC" name="test_super_admin_can_access_phishing" time="0.344" /><testcase classname="backend.tests.test_iteration11_features.TestRBAC" name="test_org_admin_cannot_access_settings_protected_endpoints" time="0.350"><skipped type="pytest.skip" message="Org admin authentication failed: 401 - {&quot;detail&quot;:&quot;Invalid credentials&quot;}">/app/backend/tests/test_iteration11_features.py:351: Org admin authentication failed: 401 - {"detail":"Invalid credentials"}</skipped></testcase><testcase classname="backend.tests.test_iteration11_features.TestRBAC" name="test_org_admin_user_role" time="0.000"><skipped type="pytest.skip" message="Org admin authentication failed: 401 - {&quot;detail&quot;:&quot;Invalid credentials&quot;}">/app/backend/tests/test_iteration11_features.py:362: Org admin authentication failed: 401 - {"detail":"Invalid credentials"}</skipped></testcase><testcase classname="backend.tests.test_iteration11_features.TestPhishingCampaignCRUD" name="test_list_campaigns" time="0.366" /><testcase classname="backend.tests.test_iteration11_features.TestPhishingCampaignCRUD" name="test_list_templates" time="0.365" /></testsuite></testsuites>