<?xml version="1.0" encoding="utf-8"?><testsuites name="pytest tests"><testsuite name="pytest" errors="0" failures="16" skipped="2" tests="19" time="7.852" timestamp="2026-02-19T07:29:56.943854+00:00" hostname="agent-env-f6f6ce6e-9f5c-4358-b522-03a52e75081c"><testcase classname="backend.tests.test_iteration11_features.TestPhishingStats" name="test_phishing_stats_endpoint_returns_correct_fields" time="1.367"><failure message="AssertionError: Expected 200, got 401&#10;assert 401 == 200&#10; +  where 401 = &lt;Response [401]&gt;.status_code">backend/tests/test_iteration11_features.py:67: in test_phishing_stats_endpoint_returns_correct_fields
    assert response.status_code == 200, f"Expected 200, got {response.status_code}"
E   AssertionError: Expected 200, got 401
E   assert 401 == 200
E    +  where 401 = &lt;Response [401]&gt;.status_code</failure></testcase><testcase classname="backend.tests.test_iteration11_features.TestPhishingStats" name="test_phishing_stats_with_days_filter" time="0.466"><failure message="assert 401 == 200&#10; +  where 401 = &lt;Response [401]&gt;.status_code">backend/tests/test_iteration11_features.py:87: in test_phishing_stats_with_days_filter
    assert response.status_code == 200
E   assert 401 == 200
E    +  where 401 = &lt;Response [401]&gt;.status_code</failure></testcase><testcase classname="backend.tests.test_iteration11_features.TestClickDetails" name="test_click_details_endpoint_exists" time="0.364"><failure message="AssertionError: Expected 200, got 401&#10;assert 401 == 200&#10; +  where 401 = &lt;Response [401]&gt;.status_code">backend/tests/test_iteration11_features.py:102: in test_click_details_endpoint_exists
    assert response.status_code == 200, f"Expected 200, got {response.status_code}"
E   AssertionError: Expected 200, got 401
E   assert 401 == 200
E    +  where 401 = &lt;Response [401]&gt;.status_code</failure></testcase><testcase classname="backend.tests.test_iteration11_features.TestClickDetails" name="test_click_details_returns_user_info" time="0.349"><failure message="assert 401 == 200&#10; +  where 401 = &lt;Response [401]&gt;.status_code">backend/tests/test_iteration11_features.py:115: in test_click_details_returns_user_info
    assert response.status_code == 200
E   assert 401 == 200
E    +  where 401 = &lt;Response [401]&gt;.status_code</failure></testcase><testcase classname="backend.tests.test_iteration11_features.TestBestPerformingCampaigns" name="test_best_performing_endpoint_exists" time="0.351"><failure message="AssertionError: Expected 200, got 401&#10;assert 401 == 200&#10; +  where 401 = &lt;Response [401]&gt;.status_code">backend/tests/test_iteration11_features.py:140: in test_best_performing_endpoint_exists
    assert response.status_code == 200, f"Expected 200, got {response.status_code}"
E   AssertionError: Expected 200, got 401
E   assert 401 == 200
E    +  where 401 = &lt;Response [401]&gt;.status_code</failure></testcase><testcase classname="backend.tests.test_iteration11_features.TestBestPerformingCampaigns" name="test_best_performing_with_limit_parameter" time="0.349"><failure message="assert 401 == 200&#10; +  where 401 = &lt;Response [401]&gt;.status_code">backend/tests/test_iteration11_features.py:153: in test_best_performing_with_limit_parameter
    assert response.status_code == 200
E   assert 401 == 200
E    +  where 401 = &lt;Response [401]&gt;.status_code</failure></testcase><testcase classname="backend.tests.test_iteration11_features.TestBestPerformingCampaigns" name="test_best_performing_campaign_fields" time="0.352"><failure message="assert 401 == 200&#10; +  where 401 = &lt;Response [401]&gt;.status_code">backend/tests/test_iteration11_features.py:166: in test_best_performing_campaign_fields
    assert response.status_code == 200
E   assert 401 == 200
E    +  where 401 = &lt;Response [401]&gt;.status_code</failure></testcase><testcase classname="backend.tests.test_iteration11_features.TestDuplicateCampaign" name="test_duplicate_campaign_endpoint_exists" time="0.356"><failure message="assert 401 == 200&#10; +  where 401 = &lt;Response [401]&gt;.status_code">backend/tests/test_iteration11_features.py:191: in test_duplicate_campaign_endpoint_exists
    assert response.status_code == 200
E   assert 401 == 200
E    +  where 401 = &lt;Response [401]&gt;.status_code</failure></testcase><testcase classname="backend.tests.test_iteration11_features.TestAuditLogs" name="test_audit_logs_endpoint_returns_data" time="0.349"><failure message="AssertionError: Expected 200, got 401&#10;assert 401 == 200&#10; +  where 401 = &lt;Response [401]&gt;.status_code">backend/tests/test_iteration11_features.py:223: in test_audit_logs_endpoint_returns_data
    assert response.status_code == 200, f"Expected 200, got {response.status_code}"
E   AssertionError: Expected 200, got 401
E   assert 401 == 200
E    +  where 401 = &lt;Response [401]&gt;.status_code</failure></testcase><testcase classname="backend.tests.test_iteration11_features.TestAuditLogs" name="test_audit_logs_contain_user_name_column" time="0.349"><failure message="assert 401 == 200&#10; +  where 401 = &lt;Response [401]&gt;.status_code">backend/tests/test_iteration11_features.py:236: in test_audit_logs_contain_user_name_column
    assert response.status_code == 200
E   assert 401 == 200
E    +  where 401 = &lt;Response [401]&gt;.status_code</failure></testcase><testcase classname="backend.tests.test_iteration11_features.TestAuditLogs" name="test_audit_logs_filter_by_action" time="0.383"><failure message="assert 401 == 200&#10; +  where 401 = &lt;Response [401]&gt;.status_code">backend/tests/test_iteration11_features.py:256: in test_audit_logs_filter_by_action
    assert response.status_code == 200
E   assert 401 == 200
E    +  where 401 = &lt;Response [401]&gt;.status_code</failure></testcase><testcase classname="backend.tests.test_iteration11_features.TestScenarioManager" name="test_scenarios_endpoint_exists" time="0.353"><failure message="AssertionError: Expected 200, got 401&#10;assert 401 == 200&#10; +  where 401 = &lt;Response [401]&gt;.status_code">backend/tests/test_iteration11_features.py:276: in test_scenarios_endpoint_exists
    assert response.status_code == 200, f"Expected 200, got {response.status_code}"
E   AssertionError: Expected 200, got 401
E   assert 401 == 200
E    +  where 401 = &lt;Response [401]&gt;.status_code</failure></testcase><testcase classname="backend.tests.test_iteration11_features.TestScenarioManager" name="test_create_scenario_with_different_types" time="0.361"><failure message="AssertionError: Expected 200/201, got 401: {&quot;detail&quot;:&quot;Invalid token&quot;}&#10;assert 401 in [200, 201]&#10; +  where 401 = &lt;Response [401]&gt;.status_code">backend/tests/test_iteration11_features.py:313: in test_create_scenario_with_different_types
    assert response.status_code in [200, 201], f"Expected 200/201, got {response.status_code}: {response.text}"
E   AssertionError: Expected 200/201, got 401: {"detail":"Invalid token"}
E   assert 401 in [200, 201]
E    +  where 401 = &lt;Response [401]&gt;.status_code</failure></testcase><testcase classname="backend.tests.test_iteration11_features.TestRBAC" name="test_super_admin_can_access_settings" time="0.365" /><testcase classname="backend.tests.test_iteration11_features.TestRBAC" name="test_super_admin_can_access_phishing" time="0.349"><failure message="AssertionError: Super admin should access phishing, got 401&#10;assert 401 == 200&#10; +  where 401 = &lt;Response [401]&gt;.status_code">backend/tests/test_iteration11_features.py:348: in test_super_admin_can_access_phishing
    assert response.status_code == 200, f"Super admin should access phishing, got {response.status_code}"
E   AssertionError: Super admin should access phishing, got 401
E   assert 401 == 200
E    +  where 401 = &lt;Response [401]&gt;.status_code</failure></testcase><testcase classname="backend.tests.test_iteration11_features.TestRBAC" name="test_org_admin_cannot_access_settings_protected_endpoints" time="0.346"><skipped type="pytest.skip" message="Org admin authentication failed: 401 - {&quot;detail&quot;:&quot;Invalid credentials&quot;}">/app/backend/tests/test_iteration11_features.py:351: Org admin authentication failed: 401 - {"detail":"Invalid credentials"}</skipped></testcase><testcase classname="backend.tests.test_iteration11_features.TestRBAC" name="test_org_admin_user_role" time="0.000"><skipped type="pytest.skip" message="Org admin authentication failed: 401 - {&quot;detail&quot;:&quot;Invalid credentials&quot;}">/app/backend/tests/test_iteration11_features.py:362: Org admin authentication failed: 401 - {"detail":"Invalid credentials"}</skipped></testcase><testcase classname="backend.tests.test_iteration11_features.TestPhishingCampaignCRUD" name="test_list_campaigns" time="0.370"><failure message="assert 401 == 200&#10; +  where 401 = &lt;Response [401]&gt;.status_code">backend/tests/test_iteration11_features.py:386: in test_list_campaigns
    assert response.status_code == 200
E   assert 401 == 200
E    +  where 401 = &lt;Response [401]&gt;.status_code</failure></testcase><testcase classname="backend.tests.test_iteration11_features.TestPhishingCampaignCRUD" name="test_list_templates" time="0.365"><failure message="assert 401 == 200&#10; +  where 401 = &lt;Response [401]&gt;.status_code">backend/tests/test_iteration11_features.py:398: in test_list_templates
    assert response.status_code == 200
E   assert 401 == 200
E    +  where 401 = &lt;Response [401]&gt;.status_code</failure></testcase></testsuite></testsuites>