<?xml version="1.0" encoding="utf-8"?><testsuites name="pytest tests"><testsuite name="pytest" errors="0" failures="0" skipped="0" tests="17" time="16.425" timestamp="2026-02-19T07:02:56.509202+00:00" hostname="agent-env-f6f6ce6e-9f5c-4358-b522-03a52e75081c"><testcase classname="tests.test_iteration10_features.TestHealthAndAuth" name="test_health_endpoint" time="0.635" /><testcase classname="tests.test_iteration10_features.TestHealthAndAuth" name="test_super_admin_login" time="0.986" /><testcase classname="tests.test_iteration10_features.TestPhishingStats" name="test_phishing_stats_requires_auth" time="0.417" /><testcase classname="tests.test_iteration10_features.TestPhishingStats" name="test_phishing_stats_returns_data" time="1.177" /><testcase classname="tests.test_iteration10_features.TestPhishingStats" name="test_phishing_stats_with_days_filter" time="0.442" /><testcase classname="tests.test_iteration10_features.TestPageBuilder" name="test_block_templates_endpoint" time="1.352" /><testcase classname="tests.test_iteration10_features.TestPageBuilder" name="test_list_custom_pages" time="0.401" /><testcase classname="tests.test_iteration10_features.TestPageBuilder" name="test_create_custom_page" time="0.886" /><testcase classname="tests.test_iteration10_features.TestPageBuilder" name="test_create_and_get_page_by_slug" time="1.301" /><testcase classname="tests.test_iteration10_features.TestPageBuilder" name="test_create_page_with_contact_form_block" time="1.243" /><testcase classname="tests.test_iteration10_features.TestPageBuilder" name="test_create_page_with_event_registration_block" time="1.308" /><testcase classname="tests.test_iteration10_features.TestPageBuilder" name="test_update_page" time="1.311" /><testcase classname="tests.test_iteration10_features.TestPageBuilder" name="test_delete_page" time="1.277" /><testcase classname="tests.test_iteration10_features.TestPageBuilder" name="test_duplicate_slug_rejected" time="1.258" /><testcase classname="tests.test_iteration10_features.TestLandingPage" name="test_get_landing_page_public" time="0.434" /><testcase classname="tests.test_iteration10_features.TestAccountLockoutNotification" name="test_failed_login_attempts" time="1.280" /><testcase classname="tests.test_iteration10_features.TestAccountLockoutNotification" name="test_lockout_after_excessive_attempts" time="0.456" /></testsuite></testsuites>