<?xml version="1.0" encoding="utf-8"?><testsuites name="pytest tests"><testsuite name="pytest" errors="17" failures="3" skipped="0" tests="20" time="5.165" timestamp="2026-02-19T09:47:31.058572+00:00" hostname="agent-env-aa5678fa-0ba9-45f5-afc6-fb074cef4175"><testcase classname="backend.tests.test_iteration14_features.TestAuth" name="test_login_success" time="0.956"><failure message="AssertionError: assert 'access_token' in {'token': 'eyJhbGciOiJIUzI1NiIsInR5cCI6IkpXVCJ9.eyJ1c2VyX2lkIjoidXNlcl83NzU1NjNjZjYxNGYiLCJlbWFpbCI6InRlc3R1c2VyMTIzQHZhc2lsaXNuZXRzaGllbGQuY29tIiwicm9sZSI6InN1cGVyX2FkbWluIiwidHlwZSI6ImFjY2VzcyIsImV4cCI6MTc3MTU4MDg1MX0.OPtBDSS2j2fra5yDUFlZbfeKrxwjV7_Ry45iUeDrOcI', 'user': {'created_at': '2024-01-01T00:00:00Z', 'email': 'testuser123@vasilisnetshield.com', 'name': 'Test Admin', 'organization_id': None, ...}}">backend/tests/test_iteration14_features.py:46: in test_login_success
    assert "access_token" in data
E   AssertionError: assert 'access_token' in {'token': 'eyJhbGciOiJIUzI1NiIsInR5cCI6IkpXVCJ9.eyJ1c2VyX2lkIjoidXNlcl83NzU1NjNjZjYxNGYiLCJlbWFpbCI6InRlc3R1c2VyMTIzQHZhc2lsaXNuZXRzaGllbGQuY29tIiwicm9sZSI6InN1cGVyX2FkbWluIiwidHlwZSI6ImFjY2VzcyIsImV4cCI6MTc3MTU4MDg1MX0.OPtBDSS2j2fra5yDUFlZbfeKrxwjV7_Ry45iUeDrOcI', 'user': {'created_at': '2024-01-01T00:00:00Z', 'email': 'testuser123@vasilisnetshield.com', 'name': 'Test Admin', 'organization_id': None, ...}}</failure></testcase><testcase classname="backend.tests.test_iteration14_features.TestAdvancedAnalyticsDateRange" name="test_analytics_overview_with_days" time="0.666"><error message="failed on setup with &quot;KeyError: 'access_token'&quot;">backend/tests/test_iteration14_features.py:60: in auth_token
    return response.json()["access_token"]
           ^^^^^^^^^^^^^^^^^^^^^^^^^^^^^^^
E   KeyError: 'access_token'</error></testcase><testcase classname="backend.tests.test_iteration14_features.TestAdvancedAnalyticsDateRange" name="test_analytics_overview_with_custom_date_range" time="0.000"><error message="failed on setup with &quot;KeyError: 'access_token'&quot;">backend/tests/test_iteration14_features.py:60: in auth_token
    return response.json()["access_token"]
           ^^^^^^^^^^^^^^^^^^^^^^^^^^^^^^^
E   KeyError: 'access_token'</error></testcase><testcase classname="backend.tests.test_iteration14_features.TestAdvancedAnalyticsDateRange" name="test_phishing_stats_with_date_range" time="0.000"><error message="failed on setup with &quot;KeyError: 'access_token'&quot;">backend/tests/test_iteration14_features.py:60: in auth_token
    return response.json()["access_token"]
           ^^^^^^^^^^^^^^^^^^^^^^^^^^^^^^^
E   KeyError: 'access_token'</error></testcase><testcase classname="backend.tests.test_iteration14_features.TestAdvancedAnalyticsDateRange" name="test_phishing_click_details_with_date_range" time="0.000"><error message="failed on setup with &quot;KeyError: 'access_token'&quot;">backend/tests/test_iteration14_features.py:60: in auth_token
    return response.json()["access_token"]
           ^^^^^^^^^^^^^^^^^^^^^^^^^^^^^^^
E   KeyError: 'access_token'</error></testcase><testcase classname="backend.tests.test_iteration14_features.TestUsersPageBulkDelete" name="test_list_users" time="0.747"><error message="failed on setup with &quot;KeyError: 'access_token'&quot;">backend/tests/test_iteration14_features.py:120: in auth_token
    return response.json()["access_token"]
           ^^^^^^^^^^^^^^^^^^^^^^^^^^^^^^^
E   KeyError: 'access_token'</error></testcase><testcase classname="backend.tests.test_iteration14_features.TestUsersPageBulkDelete" name="test_create_test_user_for_bulk_delete" time="0.000"><error message="failed on setup with &quot;KeyError: 'access_token'&quot;">backend/tests/test_iteration14_features.py:120: in auth_token
    return response.json()["access_token"]
           ^^^^^^^^^^^^^^^^^^^^^^^^^^^^^^^
E   KeyError: 'access_token'</error></testcase><testcase classname="backend.tests.test_iteration14_features.TestUsersPageBulkDelete" name="test_delete_user" time="0.000"><error message="failed on setup with &quot;KeyError: 'access_token'&quot;">backend/tests/test_iteration14_features.py:120: in auth_token
    return response.json()["access_token"]
           ^^^^^^^^^^^^^^^^^^^^^^^^^^^^^^^
E   KeyError: 'access_token'</error></testcase><testcase classname="backend.tests.test_iteration14_features.TestActivityLogs" name="test_activity_logs_list" time="0.673"><error message="failed on setup with &quot;KeyError: 'access_token'&quot;">backend/tests/test_iteration14_features.py:182: in auth_token
    return response.json()["access_token"]
           ^^^^^^^^^^^^^^^^^^^^^^^^^^^^^^^
E   KeyError: 'access_token'</error></testcase><testcase classname="backend.tests.test_iteration14_features.TestActivityLogs" name="test_activity_logs_with_date_filter" time="0.000"><error message="failed on setup with &quot;KeyError: 'access_token'&quot;">backend/tests/test_iteration14_features.py:182: in auth_token
    return response.json()["access_token"]
           ^^^^^^^^^^^^^^^^^^^^^^^^^^^^^^^
E   KeyError: 'access_token'</error></testcase><testcase classname="backend.tests.test_iteration14_features.TestActivityLogs" name="test_activity_logs_with_action_filter" time="0.000"><error message="failed on setup with &quot;KeyError: 'access_token'&quot;">backend/tests/test_iteration14_features.py:182: in auth_token
    return response.json()["access_token"]
           ^^^^^^^^^^^^^^^^^^^^^^^^^^^^^^^
E   KeyError: 'access_token'</error></testcase><testcase classname="backend.tests.test_iteration14_features.TestActivityLogs" name="test_activity_logs_with_resource_filter" time="0.000"><error message="failed on setup with &quot;KeyError: 'access_token'&quot;">backend/tests/test_iteration14_features.py:182: in auth_token
    return response.json()["access_token"]
           ^^^^^^^^^^^^^^^^^^^^^^^^^^^^^^^
E   KeyError: 'access_token'</error></testcase><testcase classname="backend.tests.test_iteration14_features.TestActivityLogs" name="test_activity_logs_stats" time="0.000"><error message="failed on setup with &quot;KeyError: 'access_token'&quot;">backend/tests/test_iteration14_features.py:182: in auth_token
    return response.json()["access_token"]
           ^^^^^^^^^^^^^^^^^^^^^^^^^^^^^^^
E   KeyError: 'access_token'</error></testcase><testcase classname="backend.tests.test_iteration14_features.TestActivityLogs" name="test_activity_logs_pagination" time="0.000"><error message="failed on setup with &quot;KeyError: 'access_token'&quot;">backend/tests/test_iteration14_features.py:182: in auth_token
    return response.json()["access_token"]
           ^^^^^^^^^^^^^^^^^^^^^^^^^^^^^^^
E   KeyError: 'access_token'</error></testcase><testcase classname="backend.tests.test_iteration14_features.TestActivityLogsBulkDelete" name="test_bulk_delete_activity_logs" time="0.682"><error message="failed on setup with &quot;KeyError: 'access_token'&quot;">backend/tests/test_iteration14_features.py:255: in auth_token
    return response.json()["access_token"]
           ^^^^^^^^^^^^^^^^^^^^^^^^^^^^^^^
E   KeyError: 'access_token'</error></testcase><testcase classname="backend.tests.test_iteration14_features.TestContactFormEmail" name="test_contact_form_inquiry_submission" time="0.381"><failure message="AssertionError: Failed: {&quot;detail&quot;:&quot;Method Not Allowed&quot;}&#10;assert 405 == 200&#10; +  where 405 = &lt;Response [405]&gt;.status_code">backend/tests/test_iteration14_features.py:301: in test_contact_form_inquiry_submission
    assert response.status_code == 200, f"Failed: {response.text}"
E   AssertionError: Failed: {"detail":"Method Not Allowed"}
E   assert 405 == 200
E    +  where 405 = &lt;Response [405]&gt;.status_code</failure></testcase><testcase classname="backend.tests.test_iteration14_features.TestPhishingTemplates" name="test_list_phishing_templates" time="0.412"><error message="failed on setup with &quot;KeyError: 'access_token'&quot;">backend/tests/test_iteration14_features.py:318: in auth_token
    return response.json()["access_token"]
           ^^^^^^^^^^^^^^^^^^^^^^^^^^^^^^^
E   KeyError: 'access_token'</error></testcase><testcase classname="backend.tests.test_iteration14_features.TestPhishingTemplates" name="test_list_campaigns_with_templates" time="0.000"><error message="failed on setup with &quot;KeyError: 'access_token'&quot;">backend/tests/test_iteration14_features.py:318: in auth_token
    return response.json()["access_token"]
           ^^^^^^^^^^^^^^^^^^^^^^^^^^^^^^^
E   KeyError: 'access_token'</error></testcase><testcase classname="backend.tests.test_iteration14_features.TestPhishingTemplates" name="test_campaign_stats" time="0.000"><error message="failed on setup with &quot;KeyError: 'access_token'&quot;">backend/tests/test_iteration14_features.py:318: in auth_token
    return response.json()["access_token"]
           ^^^^^^^^^^^^^^^^^^^^^^^^^^^^^^^
E   KeyError: 'access_token'</error></testcase><testcase classname="backend.tests.test_iteration14_features.TestActivityLogsAccessControl" name="test_activity_logs_requires_super_admin" time="0.419"><failure message="KeyError: 'access_token'">backend/tests/test_iteration14_features.py:363: in test_activity_logs_requires_super_admin
    admin_token = admin_login.json()["access_token"]
                  ^^^^^^^^^^^^^^^^^^^^^^^^^^^^^^^^^^
E   KeyError: 'access_token'</failure></testcase></testsuite></testsuites>