<?xml version="1.0" encoding="utf-8"?><testsuites name="pytest tests"><testsuite name="pytest" errors="0" failures="0" skipped="5" tests="14" time="9.746" timestamp="2026-02-18T12:55:50.554451+00:00" hostname="agent-env-6534d326-ed9b-428a-a612-9a7971bc27cb"><testcase classname="backend.tests.test_iteration5_features.TestLandingLayouts" name="test_get_landing_layout_public" time="0.582" /><testcase classname="backend.tests.test_iteration5_features.TestLandingLayouts" name="test_get_section_types" time="0.403" /><testcase classname="backend.tests.test_iteration5_features.TestLandingLayouts" name="test_update_landing_layout_requires_auth" time="0.507" /><testcase classname="backend.tests.test_iteration5_features.TestCertificateTemplates" name="test_list_certificate_templates" time="1.068" /><testcase classname="backend.tests.test_iteration5_features.TestCertificateTemplates" name="test_certificate_templates_requires_auth" time="1.154" /><testcase classname="backend.tests.test_iteration5_features.TestCertificateTemplates" name="test_get_default_template" time="1.139" /><testcase classname="backend.tests.test_iteration5_features.TestCertificateTemplates" name="test_list_signatures" time="1.152" /><testcase classname="backend.tests.test_iteration5_features.TestCertificateTemplates" name="test_list_certifying_bodies" time="1.171" /><testcase classname="backend.tests.test_iteration5_features.TestCertificateTemplates" name="test_seed_presets" time="0.394"><skipped type="pytest.skip" message="Could not obtain auth token">/app/backend/tests/test_iteration5_features.py:156: Could not obtain auth token</skipped></testcase><testcase classname="backend.tests.test_iteration5_features.TestCertificateTemplates" name="test_create_template" time="0.404"><skipped type="pytest.skip" message="Could not obtain auth token">/app/backend/tests/test_iteration5_features.py:166: Could not obtain auth token</skipped></testcase><testcase classname="backend.tests.test_iteration5_features.TestAdSimulations" name="test_list_campaigns" time="0.394"><skipped type="pytest.skip" message="Could not obtain auth token">/app/backend/tests/test_iteration5_features.py:206: Could not obtain auth token</skipped></testcase><testcase classname="backend.tests.test_iteration5_features.TestAdSimulations" name="test_list_templates" time="0.386"><skipped type="pytest.skip" message="Could not obtain auth token">/app/backend/tests/test_iteration5_features.py:216: Could not obtain auth token</skipped></testcase><testcase classname="backend.tests.test_iteration5_features.TestAdSimulations" name="test_seed_default_templates" time="0.405"><skipped type="pytest.skip" message="Could not obtain auth token">/app/backend/tests/test_iteration5_features.py:226: Could not obtain auth token</skipped></testcase><testcase classname="backend.tests.test_iteration5_features.TestHealthCheck" name="test_api_health" time="0.398" /></testsuite></testsuites>