<?xml version="1.0" encoding="utf-8"?><testsuites name="pytest tests"><testsuite name="pytest" errors="0" failures="0" skipped="0" tests="10" time="6.911" timestamp="2026-02-19T05:45:24.408958+00:00" hostname="agent-env-02bbe507-2964-4d92-8080-93e7da6cf4f2"><testcase classname="backend.tests.test_iteration8_features.TestInquiriesRBAC" name="test_org_admin_cannot_access_inquiries" time="1.522" /><testcase classname="backend.tests.test_iteration8_features.TestInquiriesRBAC" name="test_super_admin_can_access_inquiries" time="1.069" /><testcase classname="backend.tests.test_iteration8_features.TestInquiriesRBAC" name="test_org_admin_cannot_access_inquiries_stats" time="0.406" /><testcase classname="backend.tests.test_iteration8_features.TestUserImportV2" name="test_import_template_format" time="0.403" /><testcase classname="backend.tests.test_iteration8_features.TestScenarioTypes" name="test_scenario_types_returns_all_10_types" time="0.388" /><testcase classname="backend.tests.test_iteration8_features.TestDashboardStats" name="test_dashboard_stats_has_scenario_types" time="0.445" /><testcase classname="backend.tests.test_iteration8_features.TestPermissionsPage" name="test_permissions_roles_endpoint" time="0.432" /><testcase classname="backend.tests.test_iteration8_features.TestPermissionsPage" name="test_permissions_available_endpoint" time="0.430" /><testcase classname="backend.tests.test_iteration8_features.TestAuditLogsCountryFilter" name="test_audit_logs_with_country_filter" time="0.851" /><testcase classname="backend.tests.test_iteration8_features.TestSeedTemplates" name="test_seed_templates_or_check_existing" time="0.798" /></testsuite></testsuites>