<?xml version="1.0" encoding="utf-8"?><testsuites name="pytest tests"><testsuite name="pytest" errors="3" failures="1" skipped="1" tests="20" time="13.408" timestamp="2026-02-19T09:48:55.654149+00:00" hostname="agent-env-aa5678fa-0ba9-45f5-afc6-fb074cef4175"><testcase classname="backend.tests.test_iteration14_features.TestAuth" name="test_login_success" time="0.987" /><testcase classname="backend.tests.test_iteration14_features.TestAdvancedAnalyticsDateRange" name="test_analytics_overview_with_days" time="1.143" /><testcase classname="backend.tests.test_iteration14_features.TestAdvancedAnalyticsDateRange" name="test_analytics_overview_with_custom_date_range" time="0.409" /><testcase classname="backend.tests.test_iteration14_features.TestAdvancedAnalyticsDateRange" name="test_phishing_stats_with_date_range" time="0.406" /><testcase classname="backend.tests.test_iteration14_features.TestAdvancedAnalyticsDateRange" name="test_phishing_click_details_with_date_range" time="0.412" /><testcase classname="backend.tests.test_iteration14_features.TestUsersPageBulkDelete" name="test_list_users" time="1.056" /><testcase classname="backend.tests.test_iteration14_features.TestUsersPageBulkDelete" name="test_create_test_user_for_bulk_delete" time="1.279" /><testcase classname="backend.tests.test_iteration14_features.TestUsersPageBulkDelete" name="test_delete_user" time="1.544" /><testcase classname="backend.tests.test_iteration14_features.TestActivityLogs" name="test_activity_logs_list" time="1.064" /><testcase classname="backend.tests.test_iteration14_features.TestActivityLogs" name="test_activity_logs_with_date_filter" time="0.407" /><testcase classname="backend.tests.test_iteration14_features.TestActivityLogs" name="test_activity_logs_with_action_filter" time="0.413" /><testcase classname="backend.tests.test_iteration14_features.TestActivityLogs" name="test_activity_logs_with_resource_filter" time="0.390" /><testcase classname="backend.tests.test_iteration14_features.TestActivityLogs" name="test_activity_logs_stats" time="0.422" /><testcase classname="backend.tests.test_iteration14_features.TestActivityLogs" name="test_activity_logs_pagination" time="0.399" /><testcase classname="backend.tests.test_iteration14_features.TestActivityLogsBulkDelete" name="test_bulk_delete_activity_logs" time="1.077"><skipped type="pytest.skip" message="No activity logs to delete">/app/backend/tests/test_iteration14_features.py:268: No activity logs to delete</skipped></testcase><testcase classname="backend.tests.test_iteration14_features.TestContactFormEmail" name="test_contact_form_inquiry_submission" time="1.004" /><testcase classname="backend.tests.test_iteration14_features.TestPhishingTemplates" name="test_list_phishing_templates" time="0.472"><error message="failed on setup with &quot;KeyError: 'token'&quot;">backend/tests/test_iteration14_features.py:319: in auth_token
    return response.json()["token"]
           ^^^^^^^^^^^^^^^^^^^^^^^^
E   KeyError: 'token'</error></testcase><testcase classname="backend.tests.test_iteration14_features.TestPhishingTemplates" name="test_list_campaigns_with_templates" time="0.000"><error message="failed on setup with &quot;KeyError: 'token'&quot;">backend/tests/test_iteration14_features.py:319: in auth_token
    return response.json()["token"]
           ^^^^^^^^^^^^^^^^^^^^^^^^
E   KeyError: 'token'</error></testcase><testcase classname="backend.tests.test_iteration14_features.TestPhishingTemplates" name="test_campaign_stats" time="0.000"><error message="failed on setup with &quot;KeyError: 'token'&quot;">backend/tests/test_iteration14_features.py:319: in auth_token
    return response.json()["token"]
           ^^^^^^^^^^^^^^^^^^^^^^^^
E   KeyError: 'token'</error></testcase><testcase classname="backend.tests.test_iteration14_features.TestActivityLogsAccessControl" name="test_activity_logs_requires_super_admin" time="0.396"><failure message="KeyError: 'token'">backend/tests/test_iteration14_features.py:364: in test_activity_logs_requires_super_admin
    admin_token = admin_login.json()["token"]
                  ^^^^^^^^^^^^^^^^^^^^^^^^^^^
E   KeyError: 'token'</failure></testcase></testsuite></testsuites>