<?xml version="1.0" encoding="utf-8"?><testsuites name="pytest tests"><testsuite name="pytest" errors="0" failures="0" skipped="0" tests="13" time="7.354" timestamp="2026-04-20T00:54:59.129573+00:00" hostname="agent-env-05d50ebf-28d0-4fbe-a97d-dcec51235a31"><testcase classname="backend.tests.test_iteration_30_media" name="test_upload_jpeg_converted_to_webp" time="0.750" /><testcase classname="backend.tests.test_iteration_30_media" name="test_upload_png_converted_to_webp" time="0.749" /><testcase classname="backend.tests.test_iteration_30_media" name="test_upload_animated_gif_preserved" time="0.259" /><testcase classname="backend.tests.test_iteration_30_media" name="test_upload_svg_passthrough" time="0.119" /><testcase classname="backend.tests.test_iteration_30_media" name="test_upload_rejects_oversized" time="0.875" /><testcase classname="backend.tests.test_iteration_30_media" name="test_batch_upload_mixed" time="0.246" /><testcase classname="backend.tests.test_iteration_30_media" name="test_batch_upload_partial_failure" time="1.092" /><testcase classname="backend.tests.test_iteration_30_media" name="test_batch_upload_forbidden_for_non_admin" time="0.506" /><testcase classname="backend.tests.test_iteration_30_media" name="test_single_upload_forbidden_for_non_admin" time="0.126" /><testcase classname="backend.tests.test_iteration_30_media" name="test_list_media_includes_thumb_url" time="0.110" /><testcase classname="backend.tests.test_iteration_30_media" name="test_delete_media_admin_only" time="0.472" /><testcase classname="backend.tests.test_iteration_30_media" name="test_block_templates_has_columns" time="0.113" /><testcase classname="backend.tests.test_iteration_30_media" name="test_news_refresh_all" time="1.712" /></testsuite></testsuites>