<?xml version="1.0" encoding="utf-8"?><testsuites name="pytest tests"><testsuite name="pytest" errors="0" failures="0" skipped="0" tests="11" time="5.590" timestamp="2026-02-19T06:31:27.158798+00:00" hostname="agent-env-02bbe507-2964-4d92-8080-93e7da6cf4f2"><testcase classname="backend.tests.test_phishing_features.TestPhishingLandingPage" name="test_landing_page_returns_html" time="0.557" /><testcase classname="backend.tests.test_phishing_features.TestPhishingLandingPage" name="test_landing_page_has_phishing_detected_title" time="0.370" /><testcase classname="backend.tests.test_phishing_features.TestPhishingLandingPage" name="test_landing_page_has_auto_redirect_countdown" time="0.502" /><testcase classname="backend.tests.test_phishing_features.TestPhishingLandingPage" name="test_landing_page_has_start_training_button" time="0.417" /><testcase classname="backend.tests.test_phishing_features.TestPhishingLandingPage" name="test_landing_page_has_security_training_title" time="0.404" /><testcase classname="backend.tests.test_phishing_features.TestPhishingLandingPage" name="test_landing_page_has_risk_information" time="0.398" /><testcase classname="backend.tests.test_phishing_features.TestTrainingFailuresEndpoint" name="test_training_failures_requires_auth" time="0.407" /><testcase classname="backend.tests.test_phishing_features.TestTrainingFailuresEndpoint" name="test_training_failures_returns_list" time="1.155" /><testcase classname="backend.tests.test_phishing_features.TestTrainingFailuresEndpoint" name="test_training_failures_supports_pagination" time="0.407" /><testcase classname="backend.tests.test_phishing_features.TestTrainingFailuresStatsEndpoint" name="test_training_failures_stats_requires_auth" time="0.392" /><testcase classname="backend.tests.test_phishing_features.TestTrainingFailuresStatsEndpoint" name="test_training_failures_stats_returns_aggregated_data" time="0.439" /></testsuite></testsuites>