<?xml version="1.0" encoding="utf-8"?><testsuites name="pytest tests"><testsuite name="pytest" errors="0" failures="0" skipped="0" tests="12" time="7.581" timestamp="2026-02-18T14:07:08.216125+00:00" hostname="agent-env-0ad8aa7d-9f2b-4c00-b1e1-7052b4990822"><testcase classname="backend.tests.test_iteration6_features.TestDashboardStats" name="test_dashboard_stats_endpoint_returns_200" time="1.253" /><testcase classname="backend.tests.test_iteration6_features.TestDashboardStats" name="test_dashboard_stats_has_required_fields" time="0.415" /><testcase classname="backend.tests.test_iteration6_features.TestDashboardStats" name="test_dashboard_stats_aggregates_campaigns" time="0.530" /><testcase classname="backend.tests.test_iteration6_features.TestAdSimulationsAPI" name="test_list_ad_campaigns_endpoint" time="1.134" /><testcase classname="backend.tests.test_iteration6_features.TestAdSimulationsAPI" name="test_list_ad_templates_endpoint" time="0.415" /><testcase classname="backend.tests.test_iteration6_features.TestAdSimulationsAPI" name="test_ad_templates_have_required_fields" time="0.420" /><testcase classname="backend.tests.test_iteration6_features.TestAdSimulationsAPI" name="test_ad_campaigns_have_required_fields" time="0.407" /><testcase classname="backend.tests.test_iteration6_features.TestAdTrackingURL" name="test_tracking_url_without_user_param" time="0.458" /><testcase classname="backend.tests.test_iteration6_features.TestAdTrackingURL" name="test_tracking_url_with_invalid_tracking_code" time="0.449" /><testcase classname="backend.tests.test_iteration6_features.TestAdTrackingURL" name="test_tracking_url_format_supports_both_prefixes" time="0.826" /><testcase classname="backend.tests.test_iteration6_features.TestHealthAndBasicEndpoints" name="test_health_endpoint" time="0.461" /><testcase classname="backend.tests.test_iteration6_features.TestHealthAndBasicEndpoints" name="test_root_api_endpoint" time="0.436" /></testsuite></testsuites>