<?xml version="1.0" encoding="utf-8"?><testsuites name="pytest tests"><testsuite name="pytest" errors="0" failures="0" skipped="0" tests="21" time="5.546" timestamp="2026-04-19T23:37:07.495807+00:00" hostname="agent-env-05d50ebf-28d0-4fbe-a97d-dcec51235a31"><testcase classname="backend.tests.test_iteration_27_news_consolidation.TestNewsFeeds" name="test_add_unreachable_feed_is_saved" time="0.885" /><testcase classname="backend.tests.test_iteration_27_news_consolidation.TestNewsFeeds" name="test_duplicate_url_rejected" time="0.219" /><testcase classname="backend.tests.test_iteration_27_news_consolidation.TestNewsFeeds" name="test_add_feed_autopopulates_name_from_rss_title" time="0.390" /><testcase classname="backend.tests.test_iteration_27_news_consolidation.TestNewsFeeds" name="test_refresh_flips_status_when_reachable" time="0.456" /><testcase classname="backend.tests.test_iteration_27_news_consolidation.TestNewsFeeds" name="test_get_feeds_returns_status_fields" time="0.230" /><testcase classname="backend.tests.test_iteration_27_news_consolidation.TestNewsFeeds" name="test_delete_feed" time="0.261" /><testcase classname="backend.tests.test_iteration_27_news_consolidation.TestNewsFeeds" name="test_delete_feed_requires_admin" time="0.265" /><testcase classname="backend.tests.test_iteration_27_news_consolidation.TestMixedFeed" name="test_mixed_feed_returns_items" time="0.060" /><testcase classname="backend.tests.test_iteration_27_news_consolidation.TestMixedFeed" name="test_mixed_feed_sorted_desc" time="0.075" /><testcase classname="backend.tests.test_iteration_27_news_consolidation.TestMixedFeed" name="test_all_articles_endpoint" time="0.058" /><testcase classname="backend.tests.test_iteration_27_news_consolidation.TestPagePresets" name="test_presets_endpoint_requires_admin" time="0.059" /><testcase classname="backend.tests.test_iteration_27_news_consolidation.TestPagePresets" name="test_presets_endpoint_returns_all_types" time="0.055" /><testcase classname="backend.tests.test_iteration_27_news_consolidation.TestPagePresets" name="test_seed_reserved_idempotent" time="0.299" /><testcase classname="backend.tests.test_iteration_27_news_consolidation.TestPagePresets" name="test_seed_reserved_requires_admin" time="0.067" /><testcase classname="backend.tests.test_iteration_27_news_consolidation.TestSidebarConfigPublic" name="test_public_sidebar_returns_only_enabled_widgets_sorted" time="0.205" /><testcase classname="backend.tests.test_iteration_27_news_consolidation.TestSidebarConfigPublic" name="test_public_sidebar_404_for_missing" time="0.063" /><testcase classname="backend.tests.test_iteration_27_news_consolidation.TestNavigationDefaults" name="test_public_nav_has_only_blog_and_news_defaults" time="0.055" /><testcase classname="backend.tests.test_iteration_27_news_consolidation.TestNavigationDefaults" name="test_seed_defaults_only_blog_and_news" time="0.081" /><testcase classname="backend.tests.test_iteration_27_news_consolidation.TestRegressions" name="test_navigation_admin_crud" time="0.179" /><testcase classname="backend.tests.test_iteration_27_news_consolidation.TestRegressions" name="test_pages_custom_slug_404_and_200" time="0.063" /><testcase classname="backend.tests.test_iteration_27_news_consolidation.TestRegressions" name="test_content_news_list" time="1.455" /></testsuite></testsuites>