<?xml version="1.0" encoding="utf-8"?><testsuites name="pytest tests"><testsuite name="pytest" errors="0" failures="7" skipped="0" tests="17" time="10.277" timestamp="2026-02-18T11:43:08.244999+00:00" hostname="agent-env-36c55c86-1afc-4ee2-b5f2-06619cde340f"><testcase classname="backend.tests.test_new_features.TestHealthAndAuth" name="test_health_endpoint" time="0.610" /><testcase classname="backend.tests.test_new_features.TestHealthAndAuth" name="test_login_success" time="0.738" /><testcase classname="backend.tests.test_new_features.TestForgotPassword" name="test_forgot_password_request" time="0.711" /><testcase classname="backend.tests.test_new_features.TestForgotPassword" name="test_forgot_password_nonexistent_email" time="0.422" /><testcase classname="backend.tests.test_new_features.TestForgotPassword" name="test_verify_reset_token_invalid" time="0.386" /><testcase classname="backend.tests.test_new_features.TestEmailTemplates" name="test_get_email_templates" time="1.022" /><testcase classname="backend.tests.test_new_features.TestEmailTemplates" name="test_get_single_template" time="1.007" /><testcase classname="backend.tests.test_new_features.TestEmailTemplates" name="test_preview_email_template" time="1.068" /><testcase classname="backend.tests.test_new_features.TestEmailTemplates" name="test_template_not_found" time="1.011" /><testcase classname="backend.tests.test_new_features.TestPasswordPolicy" name="test_get_password_policy" time="0.404"><failure message="AssertionError: Failed to get auth token&#10;assert None is not None">backend/tests/test_new_features.py:154: in test_get_password_policy
    assert token is not None, "Failed to get auth token"
E   AssertionError: Failed to get auth token
E   assert None is not None</failure></testcase><testcase classname="backend.tests.test_new_features.TestPasswordPolicy" name="test_update_password_policy" time="0.388"><failure message="AssertionError: Failed to get auth token&#10;assert None is not None">backend/tests/test_new_features.py:168: in test_update_password_policy
    assert token is not None, "Failed to get auth token"
E   AssertionError: Failed to get auth token
E   assert None is not None</failure></testcase><testcase classname="backend.tests.test_new_features.TestSecurityDashboard" name="test_security_dashboard" time="0.384"><failure message="AssertionError: Failed to get auth token&#10;assert None is not None">backend/tests/test_new_features.py:191: in test_security_dashboard
    assert token is not None, "Failed to get auth token"
E   AssertionError: Failed to get auth token
E   assert None is not None</failure></testcase><testcase classname="backend.tests.test_new_features.TestSecurityDashboard" name="test_audit_logs" time="0.408"><failure message="AssertionError: Failed to get auth token&#10;assert None is not None">backend/tests/test_new_features.py:210: in test_audit_logs
    assert token is not None, "Failed to get auth token"
E   AssertionError: Failed to get auth token
E   assert None is not None</failure></testcase><testcase classname="backend.tests.test_new_features.TestSecurityDashboard" name="test_audit_logs_filter_by_action" time="0.383"><failure message="AssertionError: Failed to get auth token&#10;assert None is not None">backend/tests/test_new_features.py:224: in test_audit_logs_filter_by_action
    assert token is not None, "Failed to get auth token"
E   AssertionError: Failed to get auth token
E   assert None is not None</failure></testcase><testcase classname="backend.tests.test_new_features.TestSecurityDashboard" name="test_login_history" time="0.396"><failure message="AssertionError: Failed to get auth token&#10;assert None is not None">backend/tests/test_new_features.py:238: in test_login_history
    assert token is not None, "Failed to get auth token"
E   AssertionError: Failed to get auth token
E   assert None is not None</failure></testcase><testcase classname="backend.tests.test_new_features.TestSecurityDashboard" name="test_rate_limit_status" time="0.402"><failure message="AssertionError: Failed to get auth token&#10;assert None is not None">backend/tests/test_new_features.py:251: in test_rate_limit_status
    assert token is not None, "Failed to get auth token"
E   AssertionError: Failed to get auth token
E   assert None is not None</failure></testcase><testcase classname="backend.tests.test_new_features.TestBrandingSettings" name="test_get_branding_public" time="0.404" /></testsuite></testsuites>