<?xml version="1.0" encoding="utf-8"?><testsuites name="pytest tests"><testsuite name="pytest" errors="0" failures="0" skipped="0" tests="24" time="23.158" timestamp="2026-02-18T06:03:40.958100+00:00" hostname="agent-env-2d1ab9e6-1c76-4623-a146-8f5a946b3456"><testcase classname="backend.tests.test_content_api.TestHealthAndAuth" name="test_health_endpoint" time="0.681" /><testcase classname="backend.tests.test_content_api.TestHealthAndAuth" name="test_super_admin_login" time="0.736" /><testcase classname="backend.tests.test_content_api.TestHealthAndAuth" name="test_media_manager_login" time="0.631" /><testcase classname="backend.tests.test_content_api.TestHealthAndAuth" name="test_invalid_login" time="0.412" /><testcase classname="backend.tests.test_content_api.TestBlogCRUD" name="test_create_blog_post_as_admin" time="1.061" /><testcase classname="backend.tests.test_content_api.TestBlogCRUD" name="test_create_blog_post_as_media_manager" time="1.008" /><testcase classname="backend.tests.test_content_api.TestBlogCRUD" name="test_list_blog_posts" time="0.421" /><testcase classname="backend.tests.test_content_api.TestBlogCRUD" name="test_list_all_blog_posts_admin" time="1.075" /><testcase classname="backend.tests.test_content_api.TestBlogCRUD" name="test_update_blog_post" time="1.405" /><testcase classname="backend.tests.test_content_api.TestBlogCRUD" name="test_delete_blog_post" time="1.389" /><testcase classname="backend.tests.test_content_api.TestBlogCRUD" name="test_unauthorized_blog_access" time="0.391" /><testcase classname="backend.tests.test_content_api.TestVideoCRUD" name="test_create_video" time="1.039" /><testcase classname="backend.tests.test_content_api.TestVideoCRUD" name="test_list_videos" time="0.379" /><testcase classname="backend.tests.test_content_api.TestVideoCRUD" name="test_update_video_published_status" time="1.457" /><testcase classname="backend.tests.test_content_api.TestVideoCRUD" name="test_delete_video" time="1.426" /><testcase classname="backend.tests.test_content_api.TestNewsCRUD" name="test_create_news" time="1.009" /><testcase classname="backend.tests.test_content_api.TestNewsCRUD" name="test_list_news" time="0.398" /><testcase classname="backend.tests.test_content_api.TestNewsCRUD" name="test_delete_news" time="1.475" /><testcase classname="backend.tests.test_content_api.TestAboutPage" name="test_get_about" time="0.386" /><testcase classname="backend.tests.test_content_api.TestAboutPage" name="test_update_about" time="1.035" /><testcase classname="backend.tests.test_content_api.TestRoleBasedAccess" name="test_media_manager_can_create_content" time="0.982" /><testcase classname="backend.tests.test_content_api.TestRoleBasedAccess" name="test_media_manager_can_create_videos" time="0.978" /><testcase classname="backend.tests.test_content_api.TestRoleBasedAccess" name="test_media_manager_cannot_access_admin_endpoints" time="0.994" /><testcase classname="backend.tests.test_content_api.TestRoleBasedAccess" name="test_admin_can_access_all_content_endpoints" time="2.232" /></testsuite></testsuites>