<?xml version="1.0" encoding="utf-8"?><testsuites name="pytest tests"><testsuite name="pytest" errors="0" failures="0" skipped="5" tests="14" time="2.702" timestamp="2026-03-01T08:26:30.419984+00:00" hostname="agent-env-2c6f3de5-3cab-4fbc-a409-9dd344ed2232"><testcase classname="tests.test_features.TestAuthLoginWithout2FA" name="test_login_endpoint_exists" time="0.257" /><testcase classname="tests.test_features.TestAuthLoginWithout2FA" name="test_login_without_2fa_field_succeeds" time="0.330" /><testcase classname="tests.test_features.TestAuthLoginWithout2FA" name="test_login_response_structure" time="0.339" /><testcase classname="tests.test_features.TestOnlineUsersEndpoint" name="test_online_users_endpoint_exists" time="0.424" /><testcase classname="tests.test_features.TestOnlineUsersEndpoint" name="test_online_users_returns_correct_structure" time="0.384" /><testcase classname="tests.test_features.TestOnlineUsersEndpoint" name="test_online_users_default_minutes_is_5" time="0.094"><skipped type="pytest.skip" message="Authentication failed (429): {&quot;detail&quot;:&quot;Too many requests. Please try again later.&quot;,&quot;retry_after&quot;:60}">/app/backend/tests/test_features.py:84: Authentication failed (429): {"detail":"Too many requests. Please try again later.","retry_after":60}</skipped></testcase><testcase classname="tests.test_features.TestOnlineUsersEndpoint" name="test_online_users_custom_minutes" time="0.099"><skipped type="pytest.skip" message="Authentication failed (429): {&quot;detail&quot;:&quot;Too many requests. Please try again later.&quot;,&quot;retry_after&quot;:60}">/app/backend/tests/test_features.py:91: Authentication failed (429): {"detail":"Too many requests. Please try again later.","retry_after":60}</skipped></testcase><testcase classname="tests.test_features.TestOnlineUsersEndpoint" name="test_online_users_requires_auth" time="0.092" /><testcase classname="tests.test_features.TestExecutiveTrainingModulesAPI" name="test_available_modules_endpoint" time="0.100"><skipped type="pytest.skip" message="Authentication failed (429): {&quot;detail&quot;:&quot;Too many requests. Please try again later.&quot;,&quot;retry_after&quot;:60}">/app/backend/tests/test_features.py:107: Authentication failed (429): {"detail":"Too many requests. Please try again later.","retry_after":60}</skipped></testcase><testcase classname="tests.test_features.TestExecutiveTrainingModulesAPI" name="test_available_modules_contains_data" time="0.101"><skipped type="pytest.skip" message="Authentication failed (429): {&quot;detail&quot;:&quot;Too many requests. Please try again later.&quot;,&quot;retry_after&quot;:60}">/app/backend/tests/test_features.py:117: Authentication failed (429): {"detail":"Too many requests. Please try again later.","retry_after":60}</skipped></testcase><testcase classname="tests.test_features.TestExecutiveTrainingModulesAPI" name="test_generate_presentation_endpoint" time="0.118"><skipped type="pytest.skip" message="Authentication failed (429): {&quot;detail&quot;:&quot;Too many requests. Please try again later.&quot;,&quot;retry_after&quot;:60}">/app/backend/tests/test_features.py:132: Authentication failed (429): {"detail":"Too many requests. Please try again later.","retry_after":60}</skipped></testcase><testcase classname="tests.test_features.TestExecutiveTrainingModulesAPI" name="test_generate_presentation_requires_auth" time="0.097" /><testcase classname="tests.test_features.TestExecutiveTrainingModulesAPI" name="test_available_modules_requires_auth" time="0.103" /><testcase classname="tests.test_features.TestHealthEndpoint" name="test_health_check" time="0.112" /></testsuite></testsuites>