<?xml version="1.0" encoding="utf-8"?><testsuites name="pytest tests"><testsuite name="pytest" errors="0" failures="1" skipped="0" tests="40" time="22.720" timestamp="2026-03-01T11:47:30.806899+00:00" hostname="agent-env-bb163578-bfa5-43ef-9987-19fb2fa92f42"><testcase classname="backend.tests.test_access_request_workflow.TestInquiriesEndpointsExist" name="test_list_inquiries_endpoint_exists" time="0.535" /><testcase classname="backend.tests.test_access_request_workflow.TestInquiriesEndpointsExist" name="test_admins_list_endpoint_exists" time="0.056" /><testcase classname="backend.tests.test_access_request_workflow.TestInquiriesEndpointsExist" name="test_inquiry_stats_endpoint_exists" time="0.058" /><testcase classname="backend.tests.test_access_request_workflow.TestApproveWorkflow" name="test_approve_creates_user_account" time="1.884" /><testcase classname="backend.tests.test_access_request_workflow.TestApproveWorkflow" name="test_approve_rejects_already_approved" time="1.779" /><testcase classname="backend.tests.test_access_request_workflow.TestApproveWorkflow" name="test_approve_validates_role" time="1.420" /><testcase classname="backend.tests.test_access_request_workflow.TestAssignWorkflow" name="test_assign_to_admin" time="1.732" /><testcase classname="backend.tests.test_access_request_workflow.TestAssignWorkflow" name="test_assign_validates_admin_id" time="1.463" /><testcase classname="backend.tests.test_access_request_workflow.TestResolveWorkflow" name="test_resolve_marks_as_resolved" time="1.543" /><testcase classname="backend.tests.test_access_request_workflow.TestResolveWorkflow" name="test_resolve_nonexistent_inquiry" time="0.052" /><testcase classname="backend.tests.test_access_request_workflow.TestRejectWorkflow" name="test_reject_updates_status" time="1.536" /><testcase classname="backend.tests.test_access_request_workflow.TestRejectWorkflow" name="test_update_validates_status" time="1.472" /><testcase classname="backend.tests.test_access_request_workflow.TestDeleteWorkflow" name="test_delete_inquiry" time="1.434" /><testcase classname="backend.tests.test_access_request_workflow.TestDeleteWorkflow" name="test_delete_nonexistent_returns_404" time="0.054" /><testcase classname="backend.tests.test_access_request_workflow.TestCreateInquiry" name="test_create_inquiry_public_endpoint" time="1.355" /><testcase classname="backend.tests.test_access_request_workflow.TestCreateInquiry" name="test_create_inquiry_validates_email" time="0.110" /><testcase classname="backend.tests.test_iteration_14.TestTestEmailEndpoint" name="test_test_send_endpoint_exists" time="0.439" /><testcase classname="backend.tests.test_iteration_14.TestTestEmailEndpoint" name="test_test_send_validates_email_format" time="0.053" /><testcase classname="backend.tests.test_iteration_14.TestTestEmailEndpoint" name="test_test_send_with_valid_email" time="0.258" /><testcase classname="backend.tests.test_iteration_14.TestTestEmailEndpoint" name="test_test_custom_endpoint_exists" time="0.055" /><testcase classname="backend.tests.test_iteration_14.TestTestEmailEndpoint" name="test_test_custom_requires_html_content" time="0.060" /><testcase classname="backend.tests.test_iteration_14.TestTestEmailEndpoint" name="test_test_send_requires_super_admin" time="0.122" /><testcase classname="backend.tests.test_iteration_14.TestNewsPagination" name="test_news_endpoint_returns_pagination_info" time="1.109" /><testcase classname="backend.tests.test_iteration_14.TestNewsPagination" name="test_news_pagination_with_skip" time="1.358"><failure message="assert 40 == 30">backend/tests/test_iteration_14.py:89: in test_news_pagination_with_skip
    assert page1["total"] == page2["total"]
E   assert 40 == 30</failure></testcase><testcase classname="backend.tests.test_iteration_14.TestNewsPagination" name="test_news_rss_included_in_total" time="0.656" /><testcase classname="backend.tests.test_iteration_14.TestNewsPagination" name="test_news_returns_rss_items_marked" time="0.690" /><testcase classname="backend.tests.test_iteration_14.TestCMSTilesInput" name="test_cms_tiles_endpoint_exists" time="0.056" /><testcase classname="backend.tests.test_iteration_14.TestCMSTilesInput" name="test_create_cms_tile" time="0.118" /><testcase classname="backend.tests.test_iteration_14.TestCMSTilesInput" name="test_update_cms_tile" time="0.178" /><testcase classname="backend.tests.test_iteration_14.TestCMSTilesInput" name="test_cms_tile_handles_empty_name" time="0.056" /><testcase classname="backend.tests.test_iteration_14.TestEmailValidation" name="test_registration_with_invalid_email" time="0.058" /><testcase classname="backend.tests.test_iteration_14.TestEmailValidation" name="test_registration_with_valid_email_format" time="0.279" /><testcase classname="backend.tests.test_iteration_14.TestEmailValidation" name="test_login_with_invalid_email_format" time="0.052" /><testcase classname="backend.tests.test_iteration_14.TestFormSubmissions" name="test_contact_submissions_endpoint" time="0.059" /><testcase classname="backend.tests.test_iteration_14.TestFormSubmissions" name="test_inquiries_endpoint_exists" time="0.066" /><testcase classname="backend.tests.test_iteration_14.TestFormSubmissions" name="test_contact_submissions_requires_auth" time="0.101" /><testcase classname="backend.tests.test_iteration_14.TestRSSFeeds" name="test_rss_feeds_use_enabled_field" time="0.057" /><testcase classname="backend.tests.test_iteration_14.TestRSSFeeds" name="test_create_rss_feed_with_enabled" time="0.113" /><testcase classname="backend.tests.test_iteration_14.TestHealthAndBasics" name="test_health_endpoint" time="0.052" /><testcase classname="backend.tests.test_iteration_14.TestHealthAndBasics" name="test_system_email_templates_endpoint" time="0.091" /></testsuite></testsuites>