<?xml version="1.0" encoding="utf-8"?><testsuites name="pytest tests"><testsuite name="pytest" errors="0" failures="0" skipped="5" tests="14" time="2.891" timestamp="2026-03-01T08:24:35.498103+00:00" hostname="agent-env-2c6f3de5-3cab-4fbc-a409-9dd344ed2232"><testcase classname="tests.test_features.TestAuthLoginWithout2FA" name="test_login_endpoint_exists" time="0.327" /><testcase classname="tests.test_features.TestAuthLoginWithout2FA" name="test_login_without_2fa_field_succeeds" time="0.362" /><testcase classname="tests.test_features.TestAuthLoginWithout2FA" name="test_login_response_structure" time="0.335" /><testcase classname="tests.test_features.TestOnlineUsersEndpoint" name="test_online_users_endpoint_exists" time="0.413" /><testcase classname="tests.test_features.TestOnlineUsersEndpoint" name="test_online_users_returns_correct_structure" time="0.436" /><testcase classname="tests.test_features.TestOnlineUsersEndpoint" name="test_online_users_default_minutes_is_5" time="0.101"><skipped type="pytest.skip" message="Authentication failed - skipping authenticated tests">/app/backend/tests/test_features.py:84: Authentication failed - skipping authenticated tests</skipped></testcase><testcase classname="tests.test_features.TestOnlineUsersEndpoint" name="test_online_users_custom_minutes" time="0.106"><skipped type="pytest.skip" message="Authentication failed - skipping authenticated tests">/app/backend/tests/test_features.py:91: Authentication failed - skipping authenticated tests</skipped></testcase><testcase classname="tests.test_features.TestOnlineUsersEndpoint" name="test_online_users_requires_auth" time="0.109" /><testcase classname="tests.test_features.TestExecutiveTrainingModulesAPI" name="test_available_modules_endpoint" time="0.102"><skipped type="pytest.skip" message="Authentication failed - skipping authenticated tests">/app/backend/tests/test_features.py:107: Authentication failed - skipping authenticated tests</skipped></testcase><testcase classname="tests.test_features.TestExecutiveTrainingModulesAPI" name="test_available_modules_contains_data" time="0.101"><skipped type="pytest.skip" message="Authentication failed - skipping authenticated tests">/app/backend/tests/test_features.py:117: Authentication failed - skipping authenticated tests</skipped></testcase><testcase classname="tests.test_features.TestExecutiveTrainingModulesAPI" name="test_generate_presentation_endpoint" time="0.104"><skipped type="pytest.skip" message="Authentication failed - skipping authenticated tests">/app/backend/tests/test_features.py:132: Authentication failed - skipping authenticated tests</skipped></testcase><testcase classname="tests.test_features.TestExecutiveTrainingModulesAPI" name="test_generate_presentation_requires_auth" time="0.140" /><testcase classname="tests.test_features.TestExecutiveTrainingModulesAPI" name="test_available_modules_requires_auth" time="0.103" /><testcase classname="tests.test_features.TestHealthEndpoint" name="test_health_check" time="0.105" /></testsuite></testsuites>