<?xml version="1.0" encoding="utf-8"?><testsuites name="pytest tests"><testsuite name="pytest" errors="0" failures="0" skipped="0" tests="12" time="3.369" timestamp="2026-02-23T02:44:32.194668+00:00" hostname="agent-env-e0b6ece6-4195-4954-90b3-49bc0fd31352"><testcase classname="backend.tests.test_new_features.TestVulnerableUsers" name="test_get_vulnerable_users" time="0.707" /><testcase classname="backend.tests.test_new_features.TestVulnerableUsers" name="test_vulnerable_users_export_csv" time="0.120" /><testcase classname="backend.tests.test_new_features.TestVulnerableUsers" name="test_vulnerable_users_export_json" time="0.185" /><testcase classname="backend.tests.test_new_features.TestVulnerableUsers" name="test_vulnerable_users_stats" time="0.114" /><testcase classname="backend.tests.test_new_features.TestQRCodeGeneration" name="test_qr_code_generation_with_valid_tracking_code" time="0.670" /><testcase classname="backend.tests.test_new_features.TestQRCodeGeneration" name="test_qr_code_invalid_tracking_code" time="0.122" /><testcase classname="backend.tests.test_new_features.TestCredentialSubmissionTracking" name="test_credential_submission_tracking_endpoint_exists" time="0.127" /><testcase classname="backend.tests.test_new_features.TestCredentialSubmissionTracking" name="test_credential_submission_with_valid_tracking_code" time="0.405" /><testcase classname="backend.tests.test_new_features.TestDiscordWebhookInOrganizations" name="test_organizations_have_discord_webhook_field" time="0.116" /><testcase classname="backend.tests.test_new_features.TestDiscordWebhookInOrganizations" name="test_create_organization_with_discord_webhook" time="0.223" /><testcase classname="backend.tests.test_new_features.TestHealthAndAuth" name="test_health_check" time="0.127" /><testcase classname="backend.tests.test_new_features.TestHealthAndAuth" name="test_super_admin_login" time="0.352" /></testsuite></testsuites>