<?xml version="1.0" encoding="utf-8"?><testsuites name="pytest tests"><testsuite name="pytest" errors="0" failures="0" skipped="0" tests="24" time="3.301" timestamp="2026-03-01T09:19:30.448277+00:00" hostname="agent-env-2c6f3de5-3cab-4fbc-a409-9dd344ed2232"><testcase classname="backend.tests.test_iteration_11.TestCMSTilesAPI" name="test_get_tiles_public" time="0.222" /><testcase classname="backend.tests.test_iteration_11.TestCMSTilesAPI" name="test_get_tiles_returns_default_system_tiles" time="0.054" /><testcase classname="backend.tests.test_iteration_11.TestCMSTilesAPI" name="test_get_tiles_admin_requires_auth" time="0.104" /><testcase classname="backend.tests.test_iteration_11.TestCMSTilesAPI" name="test_get_tiles_admin" time="0.562" /><testcase classname="backend.tests.test_iteration_11.TestCMSTilesAPI" name="test_create_tile" time="0.131" /><testcase classname="backend.tests.test_iteration_11.TestCMSTilesAPI" name="test_create_tile_requires_auth" time="0.108" /><testcase classname="backend.tests.test_iteration_11.TestCMSTilesAPI" name="test_update_tile" time="0.176" /><testcase classname="backend.tests.test_iteration_11.TestCMSTilesAPI" name="test_toggle_publish_tile" time="0.224" /><testcase classname="backend.tests.test_iteration_11.TestCMSTilesAPI" name="test_delete_custom_tile" time="0.171" /><testcase classname="backend.tests.test_iteration_11.TestCMSTilesAPI" name="test_cannot_delete_system_tile" time="0.057" /><testcase classname="backend.tests.test_iteration_11.TestContactFormAPI" name="test_submit_contact_form" time="0.054" /><testcase classname="backend.tests.test_iteration_11.TestContactFormAPI" name="test_get_submissions_requires_auth" time="0.101" /><testcase classname="backend.tests.test_iteration_11.TestContactFormAPI" name="test_get_contact_submissions" time="0.056" /><testcase classname="backend.tests.test_iteration_11.TestContactFormAPI" name="test_update_submission_status" time="0.168" /><testcase classname="backend.tests.test_iteration_11.TestContactFormAPI" name="test_delete_submission" time="0.108" /><testcase classname="backend.tests.test_iteration_11.TestRSSFeedAPI" name="test_get_rss_feeds_requires_auth" time="0.105" /><testcase classname="backend.tests.test_iteration_11.TestRSSFeedAPI" name="test_get_rss_feeds" time="0.067" /><testcase classname="backend.tests.test_iteration_11.TestRSSFeedAPI" name="test_create_rss_feed" time="0.125" /><testcase classname="backend.tests.test_iteration_11.TestRSSFeedAPI" name="test_update_rss_feed" time="0.172" /><testcase classname="backend.tests.test_iteration_11.TestRSSFeedAPI" name="test_delete_rss_feed" time="0.116" /><testcase classname="backend.tests.test_iteration_11.TestExecutiveTrainingExpanded" name="test_available_modules_count" time="0.090" /><testcase classname="backend.tests.test_iteration_11.TestExecutiveTrainingExpanded" name="test_phishing_module_has_30plus_slides" time="0.053" /><testcase classname="backend.tests.test_iteration_11.TestExecutiveTrainingExpanded" name="test_generate_phishing_pptx" time="0.157" /><testcase classname="backend.tests.test_iteration_11.TestHealthCheck" name="test_health_endpoint" time="0.056" /></testsuite></testsuites>