<?xml version="1.0" encoding="utf-8"?><testsuites name="pytest tests"><testsuite name="pytest" errors="0" failures="0" skipped="2" tests="23" time="18.388" timestamp="2026-02-17T11:26:54.501112+00:00" hostname="agent-env-b798c104-0366-4a08-9442-b7ddf6e643cd"><testcase classname="backend.tests.test_new_features.TestAuth" name="test_login_success" time="0.828" /><testcase classname="backend.tests.test_new_features.TestAuth" name="test_login_invalid_credentials" time="0.556" /><testcase classname="backend.tests.test_new_features.TestAdTemplates" name="test_seed_default_templates" time="1.337" /><testcase classname="backend.tests.test_new_features.TestAdTemplates" name="test_list_templates" time="0.637" /><testcase classname="backend.tests.test_new_features.TestAdTemplates" name="test_create_template" time="0.433" /><testcase classname="backend.tests.test_new_features.TestAdTemplates" name="test_delete_template" time="1.008" /><testcase classname="backend.tests.test_new_features.TestAdCampaigns" name="test_create_ad_campaign" time="1.936" /><testcase classname="backend.tests.test_new_features.TestAdCampaigns" name="test_list_ad_campaigns" time="0.389" /><testcase classname="backend.tests.test_new_features.TestAdCampaigns" name="test_get_campaign_stats" time="0.912" /><testcase classname="backend.tests.test_new_features.TestAdCampaigns" name="test_get_campaign_targets" time="0.925" /><testcase classname="backend.tests.test_new_features.TestAdTracking" name="test_ad_click_tracking" time="1.701" /><testcase classname="backend.tests.test_new_features.TestUserImport" name="test_get_import_template" time="0.463" /><testcase classname="backend.tests.test_new_features.TestUserImport" name="test_preview_csv_import" time="0.501" /><testcase classname="backend.tests.test_new_features.TestUserImport" name="test_import_users_from_csv" time="0.631" /><testcase classname="backend.tests.test_new_features.TestCertificates" name="test_check_certificate_eligibility" time="0.416" /><testcase classname="backend.tests.test_new_features.TestCertificates" name="test_generate_certificate_not_eligible" time="1.238" /><testcase classname="backend.tests.test_new_features.TestCertificates" name="test_verify_certificate_not_found" time="0.446" /><testcase classname="backend.tests.test_new_features.TestExportReports" name="test_export_phishing_excel" time="0.719"><skipped type="pytest.skip" message="No phishing campaign available for export">/app/backend/tests/test_new_features.py:425: No phishing campaign available for export</skipped></testcase><testcase classname="backend.tests.test_new_features.TestExportReports" name="test_export_phishing_pdf" time="0.446"><skipped type="pytest.skip" message="No phishing campaign available for export">/app/backend/tests/test_new_features.py:438: No phishing campaign available for export</skipped></testcase><testcase classname="backend.tests.test_new_features.TestExportReports" name="test_export_training_excel" time="0.455" /><testcase classname="backend.tests.test_new_features.TestExportReports" name="test_export_nonexistent_campaign" time="0.421" /><testcase classname="backend.tests.test_new_features.TestCleanup" name="test_cleanup_test_templates" time="0.898" /><testcase classname="backend.tests.test_new_features.TestCleanup" name="test_cleanup_test_campaigns" time="0.945" /></testsuite></testsuites>