<?xml version="1.0" encoding="utf-8"?><testsuites name="pytest tests"><testsuite name="pytest" errors="0" failures="0" skipped="0" tests="16" time="48.939" timestamp="2026-02-17T11:01:34.771774+00:00" hostname="agent-env-b798c104-0366-4a08-9442-b7ddf6e643cd"><testcase classname="tests.test_phishing_simulation.TestAuth" name="test_login_success" time="0.965" /><testcase classname="tests.test_phishing_simulation.TestAuth" name="test_login_invalid_credentials" time="0.842" /><testcase classname="tests.test_phishing_simulation.TestAuth" name="test_auth_me_with_token" time="1.606" /><testcase classname="tests.test_phishing_simulation.TestPhishingTemplates" name="test_list_templates" time="1.327" /><testcase classname="tests.test_phishing_simulation.TestPhishingTemplates" name="test_create_template" time="1.812" /><testcase classname="tests.test_phishing_simulation.TestPhishingTemplates" name="test_get_template" time="2.137" /><testcase classname="tests.test_phishing_simulation.TestPhishingTemplates" name="test_delete_template" time="2.537" /><testcase classname="tests.test_phishing_simulation.TestPhishingCampaigns" name="test_list_campaigns" time="2.851" /><testcase classname="tests.test_phishing_simulation.TestPhishingCampaigns" name="test_create_campaign_with_tracking_codes" time="4.456" /><testcase classname="tests.test_phishing_simulation.TestPhishingCampaigns" name="test_launch_campaign" time="4.727" /><testcase classname="tests.test_phishing_simulation.TestPhishingCampaigns" name="test_campaign_stats" time="4.446" /><testcase classname="tests.test_phishing_simulation.TestTrackingEndpoints" name="test_email_open_tracking" time="5.648" /><testcase classname="tests.test_phishing_simulation.TestTrackingEndpoints" name="test_link_click_tracking" time="6.047" /><testcase classname="tests.test_phishing_simulation.TestCampaignLifecycle" name="test_full_campaign_lifecycle" time="7.124" /><testcase classname="tests.test_phishing_simulation.TestUserRoleDisplay" name="test_super_admin_role_display" time="0.705" /><testcase classname="tests.test_phishing_simulation.TestUserRoleDisplay" name="test_kingsley_accounts_role" time="1.342" /></testsuite></testsuites>