<?xml version="1.0" encoding="utf-8"?><testsuites name="pytest tests"><testsuite name="pytest" errors="0" failures="0" skipped="0" tests="15" time="1.704" timestamp="2026-03-24T08:55:29.814198+00:00" hostname="agent-env-415ed676-059b-4e00-8f6a-10d7c2266baf"><testcase classname="tests.test_certificate_training_name.TestCertificateTrainingNamePlaceholder" name="test_health_check" time="0.126" /><testcase classname="tests.test_certificate_training_name.TestCertificateTrainingNamePlaceholder" name="test_certificate_eligibility_check" time="0.537" /><testcase classname="tests.test_certificate_training_name.TestCertificateTrainingNamePlaceholder" name="test_generate_user_certificate_returns_pdf" time="0.057" /><testcase classname="tests.test_certificate_training_name.TestCertificateTrainingNamePlaceholder" name="test_generate_module_certificate_returns_pdf" time="0.057" /><testcase classname="tests.test_certificate_training_name.TestCertificateTrainingNamePlaceholder" name="test_module_certificate_contains_training_name" time="0.065" /><testcase classname="tests.test_certificate_training_name.TestCertificateTrainingNamePlaceholder" name="test_user_certificate_contains_training_name" time="0.052" /><testcase classname="tests.test_certificate_training_name.TestCertificateTrainingNamePlaceholder" name="test_certificate_filename_contains_module_name" time="0.095" /><testcase classname="tests.test_certificate_training_name.TestCertificateTrainingNamePlaceholder" name="test_invalid_module_returns_400" time="0.084" /><testcase classname="tests.test_certificate_training_name.TestCertificateTrainingNamePlaceholder" name="test_invalid_user_returns_404" time="0.045" /><testcase classname="tests.test_certificate_training_name.TestCertificateTemplateTrainingNamePlaceholder" name="test_default_template_has_training_name_placeholder" time="0.042" /><testcase classname="tests.test_certificate_training_name.TestCertificateTemplateTrainingNamePlaceholder" name="test_list_templates_returns_templates" time="0.050" /><testcase classname="tests.test_certificate_training_name.TestCertificateTemplateTrainingNamePlaceholder" name="test_preset_templates_have_training_name_placeholder" time="0.051" /><testcase classname="tests.test_certificate_training_name.TestMultiModuleCertificate" name="test_multi_module_certificate_joins_names" time="0.141" /><testcase classname="tests.test_certificate_training_name.TestMultiModuleCertificate" name="test_single_module_certificate_shows_specific_name" time="0.094" /><testcase classname="tests.test_certificate_training_name.TestCertificateVerification" name="test_verify_generated_certificate" time="0.148" /></testsuite></testsuites>