<?xml version="1.0" encoding="utf-8"?><testsuites name="pytest tests"><testsuite name="pytest" errors="0" failures="0" skipped="0" tests="19" time="2.792" timestamp="2026-03-01T08:59:28.378318+00:00" hostname="agent-env-2c6f3de5-3cab-4fbc-a409-9dd344ed2232"><testcase classname="tests.test_iteration_10.TestLoginFlowWithout2FA" name="test_login_endpoint_exists" time="0.272" /><testcase classname="tests.test_iteration_10.TestLoginFlowWithout2FA" name="test_login_returns_token_without_2fa_code" time="0.284" /><testcase classname="tests.test_iteration_10.TestLoginFlowWithout2FA" name="test_login_response_contains_2fa_flags" time="0.284" /><testcase classname="tests.test_iteration_10.TestCMSTilesAPI" name="test_get_tiles_returns_default_tiles" time="0.063" /><testcase classname="tests.test_iteration_10.TestCMSTilesAPI" name="test_get_tiles_admin_endpoint" time="0.102" /><testcase classname="tests.test_iteration_10.TestCMSTilesAPI" name="test_create_tile" time="0.053" /><testcase classname="tests.test_iteration_10.TestCMSTilesAPI" name="test_update_tile" time="0.237" /><testcase classname="tests.test_iteration_10.TestCMSTilesAPI" name="test_toggle_publish_tile" time="0.227" /><testcase classname="tests.test_iteration_10.TestCMSTilesAPI" name="test_delete_custom_tile" time="0.154" /><testcase classname="tests.test_iteration_10.TestCMSTilesAPI" name="test_cannot_delete_system_tile" time="0.060" /><testcase classname="tests.test_iteration_10.TestCMSTilesAPI" name="test_create_tile_requires_admin" time="0.103" /><testcase classname="tests.test_iteration_10.TestExecutiveTrainingModules" name="test_available_modules_returns_9_modules" time="0.087" /><testcase classname="tests.test_iteration_10.TestExecutiveTrainingModules" name="test_all_expected_modules_present" time="0.051" /><testcase classname="tests.test_iteration_10.TestExecutiveTrainingModules" name="test_module_structure" time="0.051" /><testcase classname="tests.test_iteration_10.TestExecutiveTrainingModules" name="test_generate_each_module" time="0.159" /><testcase classname="tests.test_iteration_10.TestExecutiveTrainingUpload" name="test_get_uploaded_presentations" time="0.052" /><testcase classname="tests.test_iteration_10.TestExecutiveTrainingUpload" name="test_upload_requires_super_admin" time="0.389" /><testcase classname="tests.test_iteration_10.TestExecutiveTrainingUpload" name="test_upload_requires_file" time="0.048" /><testcase classname="tests.test_iteration_10.TestHealthEndpoint" name="test_health_check" time="0.062" /></testsuite></testsuites>