<?xml version="1.0" encoding="utf-8"?><testsuites name="pytest tests"><testsuite name="pytest" errors="0" failures="0" skipped="0" tests="8" time="3.750" timestamp="2026-02-23T06:06:58.467833+00:00" hostname="agent-env-0912019d-8bf5-42de-a17e-76b3bd7fdccf"><testcase classname="backend.tests.test_custom_email_templates.TestCustomEmailTemplatesCRUD" name="test_list_custom_email_templates" time="0.889" /><testcase classname="backend.tests.test_custom_email_templates.TestCustomEmailTemplatesCRUD" name="test_get_specific_custom_email_template" time="0.294" /><testcase classname="backend.tests.test_custom_email_templates.TestCustomEmailTemplatesCRUD" name="test_create_custom_email_template" time="0.134" /><testcase classname="backend.tests.test_custom_email_templates.TestCustomEmailTemplatesCRUD" name="test_update_custom_email_template" time="0.441" /><testcase classname="backend.tests.test_custom_email_templates.TestCustomEmailTemplatesCRUD" name="test_delete_custom_email_template" time="0.407" /><testcase classname="backend.tests.test_custom_email_templates.TestCustomEmailTemplateIntegration" name="test_campaign_accepts_custom_email_template_id" time="0.529" /><testcase classname="backend.tests.test_custom_email_templates.TestCustomEmailTemplateIntegration" name="test_campaign_without_custom_email_template" time="0.460" /><testcase classname="backend.tests.test_custom_email_templates.TestCleanup" name="test_cleanup_test_templates" time="0.217" /></testsuite></testsuites>