<?xml version="1.0" encoding="utf-8"?><testsuites name="pytest tests"><testsuite name="pytest" errors="0" failures="1" skipped="0" tests="24" time="6.310" timestamp="2026-03-01T11:09:55.593213+00:00" hostname="agent-env-bb163578-bfa5-43ef-9987-19fb2fa92f42"><testcase classname="backend.tests.test_iteration_14.TestTestEmailEndpoint" name="test_test_send_endpoint_exists" time="0.463" /><testcase classname="backend.tests.test_iteration_14.TestTestEmailEndpoint" name="test_test_send_validates_email_format" time="0.052" /><testcase classname="backend.tests.test_iteration_14.TestTestEmailEndpoint" name="test_test_send_with_valid_email" time="0.622" /><testcase classname="backend.tests.test_iteration_14.TestTestEmailEndpoint" name="test_test_custom_endpoint_exists" time="0.055" /><testcase classname="backend.tests.test_iteration_14.TestTestEmailEndpoint" name="test_test_custom_requires_html_content" time="0.051" /><testcase classname="backend.tests.test_iteration_14.TestTestEmailEndpoint" name="test_test_send_requires_super_admin" time="0.113" /><testcase classname="backend.tests.test_iteration_14.TestNewsPagination" name="test_news_endpoint_returns_pagination_info" time="0.796" /><testcase classname="backend.tests.test_iteration_14.TestNewsPagination" name="test_news_pagination_with_skip" time="1.320" /><testcase classname="backend.tests.test_iteration_14.TestNewsPagination" name="test_news_rss_included_in_total" time="0.725" /><testcase classname="backend.tests.test_iteration_14.TestNewsPagination" name="test_news_returns_rss_items_marked" time="0.760" /><testcase classname="backend.tests.test_iteration_14.TestCMSTilesInput" name="test_cms_tiles_endpoint_exists" time="0.054" /><testcase classname="backend.tests.test_iteration_14.TestCMSTilesInput" name="test_create_cms_tile" time="0.111" /><testcase classname="backend.tests.test_iteration_14.TestCMSTilesInput" name="test_update_cms_tile" time="0.171" /><testcase classname="backend.tests.test_iteration_14.TestCMSTilesInput" name="test_cms_tile_handles_empty_name" time="0.051"><failure message="assert 400 == 200&#10; +  where 400 = &lt;Response [400]&gt;.status_code">backend/tests/test_iteration_14.py:185: in test_cms_tile_handles_empty_name
    assert response.status_code == 200
E   assert 400 == 200
E    +  where 400 = &lt;Response [400]&gt;.status_code</failure></testcase><testcase classname="backend.tests.test_iteration_14.TestEmailValidation" name="test_registration_with_invalid_email" time="0.051" /><testcase classname="backend.tests.test_iteration_14.TestEmailValidation" name="test_registration_with_valid_email_format" time="0.282" /><testcase classname="backend.tests.test_iteration_14.TestEmailValidation" name="test_login_with_invalid_email_format" time="0.054" /><testcase classname="backend.tests.test_iteration_14.TestFormSubmissions" name="test_contact_submissions_endpoint" time="0.051" /><testcase classname="backend.tests.test_iteration_14.TestFormSubmissions" name="test_access_requests_endpoint_not_found" time="0.054" /><testcase classname="backend.tests.test_iteration_14.TestFormSubmissions" name="test_contact_submissions_requires_auth" time="0.117" /><testcase classname="backend.tests.test_iteration_14.TestRSSFeeds" name="test_rss_feeds_use_enabled_field" time="0.061" /><testcase classname="backend.tests.test_iteration_14.TestRSSFeeds" name="test_create_rss_feed_with_enabled" time="0.108" /><testcase classname="backend.tests.test_iteration_14.TestHealthAndBasics" name="test_health_endpoint" time="0.059" /><testcase classname="backend.tests.test_iteration_14.TestHealthAndBasics" name="test_system_email_templates_endpoint" time="0.053" /></testsuite></testsuites>