<?xml version="1.0" encoding="utf-8"?><testsuites name="pytest tests"><testsuite name="pytest" errors="0" failures="0" skipped="0" tests="29" time="5.024" timestamp="2026-03-24T10:09:39.139362+00:00" hostname="agent-env-415ed676-059b-4e00-8f6a-10d7c2266baf"><testcase classname="backend.tests.test_certificate_template_editor.TestCertificateTemplatePreview" name="test_get_template_preview_returns_pdf" time="0.654" /><testcase classname="backend.tests.test_certificate_template_editor.TestCertificateTemplatePreview" name="test_preview_with_custom_placeholders" time="0.222" /><testcase classname="backend.tests.test_certificate_template_editor.TestCertificateTemplatePreview" name="test_preview_nonexistent_template_returns_404" time="0.102" /><testcase classname="backend.tests.test_certificate_template_editor.TestCertificatePDFGeneration" name="test_user_certificate_pdf_generation" time="0.119" /><testcase classname="backend.tests.test_certificate_template_editor.TestCertificatePDFGeneration" name="test_module_certificate_pdf_generation" time="0.116" /><testcase classname="backend.tests.test_certificate_template_editor.TestCertificatePDFGeneration" name="test_certificate_eligibility_check" time="0.099" /><testcase classname="backend.tests.test_certificate_template_editor.TestBorderStyles" name="test_classic_border_template" time="0.196" /><testcase classname="backend.tests.test_certificate_template_editor.TestBorderStyles" name="test_modern_border_template" time="0.205" /><testcase classname="backend.tests.test_certificate_template_editor.TestBorderStyles" name="test_corporate_border_template" time="0.209" /><testcase classname="backend.tests.test_certificate_template_editor.TestBorderStyles" name="test_ornate_border_template" time="0.200" /><testcase classname="backend.tests.test_certificate_template_editor.TestOrientations" name="test_landscape_orientation" time="0.200" /><testcase classname="backend.tests.test_certificate_template_editor.TestOrientations" name="test_portrait_orientation" time="0.205" /><testcase classname="backend.tests.test_certificate_template_editor.TestPlaceholderReplacement" name="test_user_name_placeholder" time="0.211" /><testcase classname="backend.tests.test_certificate_template_editor.TestPlaceholderReplacement" name="test_training_name_placeholder" time="0.202" /><testcase classname="backend.tests.test_certificate_template_editor.TestPlaceholderReplacement" name="test_score_placeholder" time="0.198" /><testcase classname="backend.tests.test_certificate_template_editor.TestPlaceholderReplacement" name="test_date_placeholder" time="0.215" /><testcase classname="backend.tests.test_certificate_template_editor.TestPlaceholderReplacement" name="test_certificate_id_placeholder" time="0.201" /><testcase classname="backend.tests.test_certificate_template_editor.TestTemplateElements" name="test_template_has_text_elements" time="0.096" /><testcase classname="backend.tests.test_certificate_template_editor.TestTemplateElements" name="test_template_has_signature_elements" time="0.103" /><testcase classname="backend.tests.test_certificate_template_editor.TestTemplateElements" name="test_template_element_coordinates" time="0.099" /><testcase classname="backend.tests.test_certificate_template_editor.TestCertificateVerification" name="test_verify_generated_certificate" time="0.203" /><testcase classname="backend.tests.test_certificate_template_editor.TestCertificateVerification" name="test_verify_nonexistent_certificate" time="0.095" /><testcase classname="backend.tests.test_certificate_template_editor.TestTemplateCRUD" name="test_list_templates" time="0.105" /><testcase classname="backend.tests.test_certificate_template_editor.TestTemplateCRUD" name="test_get_default_template" time="0.097" /><testcase classname="backend.tests.test_certificate_template_editor.TestTemplateCRUD" name="test_get_specific_template" time="0.208" /><testcase classname="backend.tests.test_certificate_template_editor.TestTemplateCRUD" name="test_create_and_delete_template" time="0.195" /><testcase classname="backend.tests.test_certificate_template_editor.TestErrorHandling" name="test_certificate_for_nonexistent_user" time="0.115" /><testcase classname="backend.tests.test_certificate_template_editor.TestErrorHandling" name="test_certificate_for_user_without_training" time="0.000" /><testcase classname="backend.tests.test_certificate_template_editor.TestErrorHandling" name="test_unauthorized_access" time="0.093" /></testsuite></testsuites>