<?xml version="1.0" encoding="utf-8"?><testsuites name="pytest tests"><testsuite name="pytest" errors="0" failures="0" skipped="0" tests="6" time="1.521" timestamp="2026-04-19T08:42:15.503720+00:00" hostname="agent-env-4599e079-14a7-4456-9eea-f2259890f5e2"><testcase classname="backend.tests.test_iteration_21.TestSidebarConfigs" name="test_list_sidebar_configs" time="0.600" /><testcase classname="backend.tests.test_iteration_21.TestSidebarConfigs" name="test_list_sidebar_widgets_defaults" time="0.117" /><testcase classname="backend.tests.test_iteration_21.TestCMSAdminReset" name="test_cms_status" time="0.105" /><testcase classname="backend.tests.test_iteration_21.TestCMSAdminReset" name="test_cms_reset_dry_run" time="0.108" /><testcase classname="backend.tests.test_iteration_21.TestContactForm" name="test_submit_contact_form" time="0.344" /><testcase classname="backend.tests.test_iteration_21.TestEventsICal" name="test_ical_feed" time="0.224" /></testsuite></testsuites>