<?xml version="1.0" encoding="utf-8"?><testsuites name="pytest tests"><testsuite name="pytest" errors="0" failures="0" skipped="0" tests="5" time="53.292" timestamp="2026-04-19T07:09:51.681628+00:00" hostname="agent-env-4599e079-14a7-4456-9eea-f2259890f5e2"><testcase classname="backend.tests.test_pentest_security_fixes.TestAccountLockout" name="test_successful_admin_login_baseline" time="3.292" /><testcase classname="backend.tests.test_pentest_security_fixes.TestAccountLockout" name="test_account_lockout_after_5_failed_attempts" time="0.638" /><testcase classname="backend.tests.test_pentest_security_fixes.TestAccountLockout" name="test_successful_login_clears_lockout_counter" time="11.569" /><testcase classname="backend.tests.test_pentest_security_fixes.TestIPRateLimit" name="test_ip_rate_limit_triggers_after_10_requests" time="4.620" /><testcase classname="backend.tests.test_pentest_security_fixes.TestIPRateLimit" name="test_ip_block_prevents_valid_login" time="33.150" /></testsuite></testsuites>