<?xml version="1.0" encoding="utf-8"?><testsuites name="pytest tests"><testsuite name="pytest" errors="0" failures="0" skipped="0" tests="8" time="1.936" timestamp="2026-04-19T10:12:57.629753+00:00" hostname="agent-env-4599e079-14a7-4456-9eea-f2259890f5e2"><testcase classname="backend.tests.test_iteration_23" name="test_backend_health" time="0.182" /><testcase classname="backend.tests.test_iteration_23" name="test_blog_public_list_returns_json" time="0.114" /><testcase classname="backend.tests.test_iteration_23" name="test_access_requests_endpoint_exists" time="0.523" /><testcase classname="backend.tests.test_iteration_23" name="test_access_requests_create_public" time="0.306" /><testcase classname="backend.tests.test_iteration_23" name="test_contact_submission_has_type_contact" time="0.348" /><testcase classname="backend.tests.test_iteration_23" name="test_granular_permissions_available" time="0.114" /><testcase classname="backend.tests.test_iteration_23" name="test_granular_permissions_user_lookup" time="0.212" /><testcase classname="backend.tests.test_iteration_23" name="test_navigation_items_endpoint" time="0.113" /></testsuite></testsuites>