<?xml version="1.0" encoding="utf-8"?><testsuites name="pytest tests"><testsuite name="pytest" errors="0" failures="0" skipped="0" tests="20" time="14.712" timestamp="2026-03-01T12:46:03.401153+00:00" hostname="agent-env-64eb0a1a-aa0a-4304-9428-ff77c8eec39c"><testcase classname="backend.tests.test_iteration_16.TestBulkUserImportAPI" name="test_import_preview_endpoint_exists" time="0.618" /><testcase classname="backend.tests.test_iteration_16.TestBulkUserImportAPI" name="test_import_preview_validates_csv_format" time="0.111" /><testcase classname="backend.tests.test_iteration_16.TestBulkUserImportAPI" name="test_import_preview_rejects_non_csv" time="0.108" /><testcase classname="backend.tests.test_iteration_16.TestBulkUserImportAPI" name="test_import_template_endpoint" time="0.131" /><testcase classname="backend.tests.test_iteration_16.TestBulkUserImportAPI" name="test_import_users_creates_accounts" time="0.750" /><testcase classname="backend.tests.test_iteration_16.TestCredentialSubmissionsStats" name="test_stats_endpoint_exists" time="0.062" /><testcase classname="backend.tests.test_iteration_16.TestCredentialSubmissionsStats" name="test_stats_with_org_filter" time="0.113" /><testcase classname="backend.tests.test_iteration_16.TestCredentialSubmissionsStats" name="test_submissions_list_endpoint" time="0.051" /><testcase classname="backend.tests.test_iteration_16.TestCredentialSubmissionsStats" name="test_submissions_with_filters" time="0.103" /><testcase classname="backend.tests.test_iteration_16.TestNewsPagination" name="test_news_endpoint_returns_total" time="0.848" /><testcase classname="backend.tests.test_iteration_16.TestNewsPagination" name="test_news_pagination_skip_works" time="1.625" /><testcase classname="backend.tests.test_iteration_16.TestNewsPagination" name="test_news_includes_rss_items" time="0.956" /><testcase classname="backend.tests.test_iteration_16.TestNewsPagination" name="test_news_total_greater_than_page_size" time="0.725" /><testcase classname="backend.tests.test_iteration_16.TestUserApprovalWorkflow" name="test_approve_endpoint_exists" time="1.991" /><testcase classname="backend.tests.test_iteration_16.TestUserApprovalWorkflow" name="test_approve_validates_role" time="1.634" /><testcase classname="backend.tests.test_iteration_16.TestUserApprovalWorkflow" name="test_approve_handles_none_organization" time="1.892" /><testcase classname="backend.tests.test_iteration_16.TestWelcomeEmailFunctionSignature" name="test_bulk_import_sends_welcome_emails" time="0.633" /><testcase classname="backend.tests.test_iteration_16.TestWelcomeEmailFunctionSignature" name="test_approval_sends_welcome_email_param" time="2.135" /><testcase classname="backend.tests.test_iteration_16.TestRSSFeedConfiguration" name="test_list_rss_feeds" time="0.051" /><testcase classname="backend.tests.test_iteration_16.TestRSSFeedConfiguration" name="test_add_rss_feed" time="0.116" /></testsuite></testsuites>