<?xml version="1.0" encoding="utf-8"?><testsuites name="pytest tests"><testsuite name="pytest" errors="0" failures="2" skipped="0" tests="8" time="2.830" timestamp="2026-04-19T10:57:50.588174+00:00" hostname="agent-env-4599e079-14a7-4456-9eea-f2259890f5e2"><testcase classname="backend.tests.test_iteration_24.TestBlogPosts" name="test_blog_list_public" time="0.138"><failure message="AssertionError: Expected &gt;=45 blog posts, got 44&#10;assert 44 &gt;= 45&#10; +  where 44 = len([{'audience': 'manager', 'author': 'Vasilis NetShield Security Team', 'content': '&lt;h2&gt;Security&amp;nbsp;Automation&amp;nbsp;Reducing&amp;nbsp;Manual&amp;nbsp;Work&amp;nbsp;and&amp;nbsp;Human&amp;nbsp;Error&lt;/h2&gt;&lt;p&gt;Automation&amp;nbsp;improves&amp;nbsp;security&amp;nbsp;efficiency&amp;nbsp;and&amp;nbsp;consistency.&amp;nbsp;Identify&amp;nbsp;processes&amp;nbsp;to&amp;nbsp;automate&amp;nbsp;and&amp;nbsp;tools&amp;nbsp;to&amp;nbsp;use.&lt;/p&gt;&lt;h3&gt;The&amp;nbsp;Challenge&lt;/h3&gt;&lt;p&gt;In&amp;nbsp;today&amp;#39;s&amp;nbsp;rapidly&amp;nbsp;evolving&amp;nbsp;digital&amp;nbsp;landscape,&amp;nbsp;organizations&amp;nbsp;and&amp;nbsp;individuals&amp;nbsp;face&amp;nbsp;increasing&amp;nbsp;cybersecurity&amp;nbsp;challenges.&amp;nbsp;Understanding&amp;nbsp;and&amp;nbsp;implementing&amp;nbsp;proper&amp;nbsp;security&amp;nbsp;measures&amp;nbsp;is&amp;nbsp;no&amp;nbsp;longer&amp;nbsp;optional—it&amp;#39;s&amp;nbsp;essential&amp;nbsp;for&amp;nbsp;protecting&amp;nbsp;valuable&amp;nbsp;assets&amp;nbsp;and&amp;nbsp;maintaining&amp;nbsp;trust.&lt;/p&gt;&lt;h3&gt;Key&amp;nbsp;Insights&lt;/h3&gt;&lt;p&gt;Security&amp;nbsp;experts&amp;nbsp;agree&amp;nbsp;that&amp;nbsp;proactive&amp;nbsp;measures&amp;nbsp;significantly&amp;nbsp;reduce&amp;nbsp;risk&amp;nbsp;exposure.&amp;nbsp;By&amp;nbsp;staying&amp;nbsp;informed&amp;nbsp;about&amp;nbsp;current&amp;nbsp;threats&amp;nbsp;and&amp;nbsp;best&amp;nbsp;practices,&amp;nbsp;you&amp;nbsp;can&amp;nbsp;make&amp;nbsp;informed&amp;nbsp;decisions&amp;nbsp;that&amp;nbsp;strengthen&amp;nbsp;your&amp;nbsp;security&amp;nbsp;postur...&lt;/p&gt;\n\n&lt;h3&gt;Practical Steps&lt;/h3&gt;\n&lt;ul&gt;\n&lt;li&gt;Assess your current security measures and identify gaps&lt;/li&gt;\n&lt;li&gt;Implement layered defense strategies for comprehensive protection&lt;/li&gt;\n&lt;li&gt;Stay current with security updates and emerging threats&lt;/li&gt;\n&lt;li&gt;Train all stakeholders on security awareness and best practices&lt;/li&gt;\n&lt;li&gt;Regularly review and update security policies and procedures&lt;/li&gt;\n&lt;li&gt;Monitor systems continuously for suspicious activity&lt;/li&gt;\n&lt;/ul&gt;\n\n&lt;h3&gt;Expert Recommendations&lt;/h3&gt;\n&lt;p&gt;Leading security professionals emphasize the importance of balancing security with usability. The most effective security measures are those that people will actually use consistently.&lt;/p&gt;\n\n&lt;h3&gt;Looking Ahead&lt;/h3&gt;\n&lt;p&gt;Cyber threats continue to evolve, but with proper preparation and vigilance, you can stay ahead of potential risks. Regular assessment, continuous improvement, and staying informed are keys to long-term security success.&lt;/p&gt;\n\n&lt;p&gt;For comprehensive security training and consulting services, contact Vasilis NetShield. Our team helps organizations build robust security programs tailored to their specific needs.&lt;/p&gt;&quot;, 'created_at': '2026-04-19T09:27:41.585741+00:00', ...}, ...])">backend/tests/test_iteration_24.py:35: in test_blog_list_public
    assert len(posts) &gt;= 45, f"Expected &gt;=45 blog posts, got {len(posts)}"
E   AssertionError: Expected &gt;=45 blog posts, got 44
E   assert 44 &gt;= 45
E    +  where 44 = len([{'audience': 'manager', 'author': 'Vasilis NetShield Security Team', 'content': '&lt;h2&gt;Security&amp;nbsp;Automation&amp;nbsp;Reducing&amp;nbsp;Manual&amp;nbsp;Work&amp;nbsp;and&amp;nbsp;Human&amp;nbsp;Error&lt;/h2&gt;&lt;p&gt;Automation&amp;nbsp;improves&amp;nbsp;security&amp;nbsp;efficiency&amp;nbsp;and&amp;nbsp;consistency.&amp;nbsp;Identify&amp;nbsp;processes&amp;nbsp;to&amp;nbsp;automate&amp;nbsp;and&amp;nbsp;tools&amp;nbsp;to&amp;nbsp;use.&lt;/p&gt;&lt;h3&gt;The&amp;nbsp;Challenge&lt;/h3&gt;&lt;p&gt;In&amp;nbsp;today&amp;#39;s&amp;nbsp;rapidly&amp;nbsp;evolving&amp;nbsp;digital&amp;nbsp;landscape,&amp;nbsp;organizations&amp;nbsp;and&amp;nbsp;individuals&amp;nbsp;face&amp;nbsp;increasing&amp;nbsp;cybersecurity&amp;nbsp;challenges.&amp;nbsp;Understanding&amp;nbsp;and&amp;nbsp;implementing&amp;nbsp;proper&amp;nbsp;security&amp;nbsp;measures&amp;nbsp;is&amp;nbsp;no&amp;nbsp;longer&amp;nbsp;optional—it&amp;#39;s&amp;nbsp;essential&amp;nbsp;for&amp;nbsp;protecting&amp;nbsp;valuable&amp;nbsp;assets&amp;nbsp;and&amp;nbsp;maintaining&amp;nbsp;trust.&lt;/p&gt;&lt;h3&gt;Key&amp;nbsp;Insights&lt;/h3&gt;&lt;p&gt;Security&amp;nbsp;experts&amp;nbsp;agree&amp;nbsp;that&amp;nbsp;proactive&amp;nbsp;measures&amp;nbsp;significantly&amp;nbsp;reduce&amp;nbsp;risk&amp;nbsp;exposure.&amp;nbsp;By&amp;nbsp;staying&amp;nbsp;informed&amp;nbsp;about&amp;nbsp;current&amp;nbsp;threats&amp;nbsp;and&amp;nbsp;best&amp;nbsp;practices,&amp;nbsp;you&amp;nbsp;can&amp;nbsp;make&amp;nbsp;informed&amp;nbsp;decisions&amp;nbsp;that&amp;nbsp;strengthen&amp;nbsp;your&amp;nbsp;security&amp;nbsp;postur...&lt;/p&gt;\n\n&lt;h3&gt;Practical Steps&lt;/h3&gt;\n&lt;ul&gt;\n&lt;li&gt;Assess your current security measures and identify gaps&lt;/li&gt;\n&lt;li&gt;Implement layered defense strategies for comprehensive protection&lt;/li&gt;\n&lt;li&gt;Stay current with security updates and emerging threats&lt;/li&gt;\n&lt;li&gt;Train all stakeholders on security awareness and best practices&lt;/li&gt;\n&lt;li&gt;Regularly review and update security policies and procedures&lt;/li&gt;\n&lt;li&gt;Monitor systems continuously for suspicious activity&lt;/li&gt;\n&lt;/ul&gt;\n\n&lt;h3&gt;Expert Recommendations&lt;/h3&gt;\n&lt;p&gt;Leading security professionals emphasize the importance of balancing security with usability. The most effective security measures are those that people will actually use consistently.&lt;/p&gt;\n\n&lt;h3&gt;Looking Ahead&lt;/h3&gt;\n&lt;p&gt;Cyber threats continue to evolve, but with proper preparation and vigilance, you can stay ahead of potential risks. Regular assessment, continuous improvement, and staying informed are keys to long-term security success.&lt;/p&gt;\n\n&lt;p&gt;For comprehensive security training and consulting services, contact Vasilis NetShield. Our team helps organizations build robust security programs tailored to their specific needs.&lt;/p&gt;", 'created_at': '2026-04-19T09:27:41.585741+00:00', ...}, ...])</failure></testcase><testcase classname="backend.tests.test_iteration_24.TestBlogPosts" name="test_blog_post_detail" time="1.249"><failure message="AssertionError: No comprehensive posts found; max content len: 2808&#10;assert 2808 &gt; 5000&#10; +  where 2808 = max([2808, 1842, 1853, 1820, 1825, 1826, ...])">backend/tests/test_iteration_24.py:50: in test_blog_post_detail
    assert max(contents) &gt; 5000, f"No comprehensive posts found; max content len: {max(contents)}"
E   AssertionError: No comprehensive posts found; max content len: 2808
E   assert 2808 &gt; 5000
E    +  where 2808 = max([2808, 1842, 1853, 1820, 1825, 1826, ...])</failure></testcase><testcase classname="backend.tests.test_iteration_24.TestNewsRSSAggregator" name="test_feeds_public_list" time="0.105" /><testcase classname="backend.tests.test_iteration_24.TestNewsRSSAggregator" name="test_feeds_add_requires_auth" time="0.104" /><testcase classname="backend.tests.test_iteration_24.TestNewsRSSAggregator" name="test_feed_add_delete_admin" time="0.851" /><testcase classname="backend.tests.test_iteration_24.TestNewsRSSAggregator" name="test_all_articles_endpoint" time="0.104" /><testcase classname="backend.tests.test_iteration_24.TestNavigation" name="test_public_nav_includes_pagebuilder" time="0.113" /><testcase classname="backend.tests.test_iteration_24.TestNavigation" name="test_nav_options" time="0.113" /></testsuite></testsuites>