<?xml version="1.0" encoding="utf-8"?><testsuites name="pytest tests"><testsuite name="pytest" errors="0" failures="3" skipped="0" tests="14" time="2.017" timestamp="2026-03-01T08:29:07.403459+00:00" hostname="agent-env-2c6f3de5-3cab-4fbc-a409-9dd344ed2232"><testcase classname="tests.test_features.TestAuthLoginWithout2FA" name="test_login_endpoint_exists" time="0.303" /><testcase classname="tests.test_features.TestAuthLoginWithout2FA" name="test_login_without_2fa_field_succeeds" time="0.287" /><testcase classname="tests.test_features.TestAuthLoginWithout2FA" name="test_login_response_structure" time="0.287" /><testcase classname="tests.test_features.TestOnlineUsersEndpoint" name="test_online_users_endpoint_exists" time="0.343" /><testcase classname="tests.test_features.TestOnlineUsersEndpoint" name="test_online_users_returns_correct_structure" time="0.056" /><testcase classname="tests.test_features.TestOnlineUsersEndpoint" name="test_online_users_default_minutes_is_5" time="0.057" /><testcase classname="tests.test_features.TestOnlineUsersEndpoint" name="test_online_users_custom_minutes" time="0.057" /><testcase classname="tests.test_features.TestOnlineUsersEndpoint" name="test_online_users_requires_auth" time="0.059"><failure message="AssertionError: Endpoint should require authentication&#10;assert 200 == 401&#10; +  where 200 = &lt;Response [200]&gt;.status_code">tests/test_features.py:101: in test_online_users_requires_auth
    assert response.status_code == 401, "Endpoint should require authentication"
E   AssertionError: Endpoint should require authentication
E   assert 200 == 401
E    +  where 200 = &lt;Response [200]&gt;.status_code</failure></testcase><testcase classname="tests.test_features.TestExecutiveTrainingModulesAPI" name="test_available_modules_endpoint" time="0.052" /><testcase classname="tests.test_features.TestExecutiveTrainingModulesAPI" name="test_available_modules_contains_data" time="0.054" /><testcase classname="tests.test_features.TestExecutiveTrainingModulesAPI" name="test_generate_presentation_endpoint" time="0.199" /><testcase classname="tests.test_features.TestExecutiveTrainingModulesAPI" name="test_generate_presentation_requires_auth" time="0.114"><failure message="AssertionError: Endpoint should require authentication&#10;assert 200 == 401&#10; +  where 200 = &lt;Response [200]&gt;.status_code">tests/test_features.py:161: in test_generate_presentation_requires_auth
    assert response.status_code == 401, "Endpoint should require authentication"
E   AssertionError: Endpoint should require authentication
E   assert 200 == 401
E    +  where 200 = &lt;Response [200]&gt;.status_code</failure></testcase><testcase classname="tests.test_features.TestExecutiveTrainingModulesAPI" name="test_available_modules_requires_auth" time="0.051"><failure message="AssertionError: Endpoint should require authentication&#10;assert 200 == 401&#10; +  where 200 = &lt;Response [200]&gt;.status_code">tests/test_features.py:166: in test_available_modules_requires_auth
    assert response.status_code == 401, "Endpoint should require authentication"
E   AssertionError: Endpoint should require authentication
E   assert 200 == 401
E    +  where 200 = &lt;Response [200]&gt;.status_code</failure></testcase><testcase classname="tests.test_features.TestHealthEndpoint" name="test_health_check" time="0.052" /></testsuite></testsuites>