<?xml version="1.0" encoding="utf-8"?><testsuites name="pytest tests"><testsuite name="pytest" errors="0" failures="0" skipped="0" tests="13" time="3.574" timestamp="2026-02-23T02:10:55.047170+00:00" hostname="agent-env-e0b6ece6-4195-4954-90b3-49bc0fd31352"><testcase classname="backend.tests.test_backend_apis.TestAuthentication" name="test_login_super_admin_success" time="0.665" /><testcase classname="backend.tests.test_backend_apis.TestAuthentication" name="test_login_invalid_credentials" time="0.416" /><testcase classname="backend.tests.test_backend_apis.TestAuthentication" name="test_health_check" time="0.148" /><testcase classname="backend.tests.test_backend_apis.TestPhishingCampaigns" name="test_list_phishing_campaigns" time="0.793" /><testcase classname="backend.tests.test_backend_apis.TestPhishingCampaigns" name="test_list_phishing_templates" time="0.132" /><testcase classname="backend.tests.test_backend_apis.TestPhishingCampaigns" name="test_phishing_stats_unified" time="0.135" /><testcase classname="backend.tests.test_backend_apis.TestPhishingCampaigns" name="test_phishing_click_tracking_shows_awareness_page" time="0.164" /><testcase classname="backend.tests.test_backend_apis.TestPhishingCampaigns" name="test_phishing_campaign_has_assigned_module_field" time="0.138" /><testcase classname="backend.tests.test_backend_apis.TestAdSimulations" name="test_list_ad_campaigns" time="0.145" /><testcase classname="backend.tests.test_backend_apis.TestAnalytics" name="test_all_campaigns_unified_analytics" time="0.143" /><testcase classname="backend.tests.test_backend_apis.TestAnalytics" name="test_analytics_overview" time="0.117" /><testcase classname="backend.tests.test_backend_apis.TestTrainingModules" name="test_list_training_modules" time="0.174" /><testcase classname="backend.tests.test_backend_apis.TestSimulationBuilder" name="test_get_phishing_template_for_edit" time="0.261" /></testsuite></testsuites>