<?xml version="1.0" encoding="utf-8"?><testsuites name="pytest tests"><testsuite name="pytest" errors="6" failures="0" skipped="0" tests="13" time="4.299" timestamp="2026-02-23T02:09:44.721374+00:00" hostname="agent-env-e0b6ece6-4195-4954-90b3-49bc0fd31352"><testcase classname="backend.tests.test_backend_apis.TestAuthentication" name="test_login_super_admin_success" time="0.660" /><testcase classname="backend.tests.test_backend_apis.TestAuthentication" name="test_login_invalid_credentials" time="0.400" /><testcase classname="backend.tests.test_backend_apis.TestAuthentication" name="test_health_check" time="0.123" /><testcase classname="backend.tests.test_backend_apis.TestPhishingCampaigns" name="test_list_phishing_campaigns" time="0.524" /><testcase classname="backend.tests.test_backend_apis.TestPhishingCampaigns" name="test_list_phishing_templates" time="0.613" /><testcase classname="backend.tests.test_backend_apis.TestPhishingCampaigns" name="test_phishing_stats_unified" time="0.563" /><testcase classname="backend.tests.test_backend_apis.TestPhishingCampaigns" name="test_phishing_click_tracking_shows_awareness_page" time="0.131" /><testcase classname="backend.tests.test_backend_apis.TestPhishingCampaigns" name="test_phishing_campaign_has_assigned_module_field" time="0.119"><error message="failed on setup with &quot;KeyError: 'token'&quot;">backend/tests/test_backend_apis.py:64: in auth_headers
    token = response.json()["token"]
            ^^^^^^^^^^^^^^^^^^^^^^^^
E   KeyError: 'token'</error></testcase><testcase classname="backend.tests.test_backend_apis.TestAdSimulations" name="test_list_ad_campaigns" time="0.128"><error message="failed on setup with &quot;KeyError: 'token'&quot;">backend/tests/test_backend_apis.py:130: in auth_headers
    token = response.json()["token"]
            ^^^^^^^^^^^^^^^^^^^^^^^^
E   KeyError: 'token'</error></testcase><testcase classname="backend.tests.test_backend_apis.TestAnalytics" name="test_all_campaigns_unified_analytics" time="0.123"><error message="failed on setup with &quot;KeyError: 'token'&quot;">backend/tests/test_backend_apis.py:155: in auth_headers
    token = response.json()["token"]
            ^^^^^^^^^^^^^^^^^^^^^^^^
E   KeyError: 'token'</error></testcase><testcase classname="backend.tests.test_backend_apis.TestAnalytics" name="test_analytics_overview" time="0.138"><error message="failed on setup with &quot;KeyError: 'token'&quot;">backend/tests/test_backend_apis.py:155: in auth_headers
    token = response.json()["token"]
            ^^^^^^^^^^^^^^^^^^^^^^^^
E   KeyError: 'token'</error></testcase><testcase classname="backend.tests.test_backend_apis.TestTrainingModules" name="test_list_training_modules" time="0.142"><error message="failed on setup with &quot;KeyError: 'token'&quot;">backend/tests/test_backend_apis.py:205: in auth_headers
    token = response.json()["token"]
            ^^^^^^^^^^^^^^^^^^^^^^^^
E   KeyError: 'token'</error></testcase><testcase classname="backend.tests.test_backend_apis.TestSimulationBuilder" name="test_get_phishing_template_for_edit" time="0.177"><error message="failed on setup with &quot;KeyError: 'token'&quot;">backend/tests/test_backend_apis.py:227: in auth_headers
    token = response.json()["token"]
            ^^^^^^^^^^^^^^^^^^^^^^^^
E   KeyError: 'token'</error></testcase></testsuite></testsuites>