<?xml version="1.0" encoding="utf-8"?><testsuites name="pytest tests"><testsuite name="pytest" errors="0" failures="0" skipped="0" tests="12" time="0.711" timestamp="2026-03-03T06:24:38.332673+00:00" hostname="agent-env-a33a3f2e-308e-492d-be46-2b069f2c2788"><testcase classname="backend.tests.test_cms_pagebuilder.TestCMSTilesAPI" name="test_get_nav_tiles_returns_custom_pages" time="0.129" /><testcase classname="backend.tests.test_cms_pagebuilder.TestCMSTilesAPI" name="test_get_tile_by_slug_contact_us" time="0.048" /><testcase classname="backend.tests.test_cms_pagebuilder.TestCMSTilesAPI" name="test_get_tile_by_slug_events_page" time="0.049" /><testcase classname="backend.tests.test_cms_pagebuilder.TestCMSTilesAPI" name="test_get_public_tiles" time="0.047" /><testcase classname="backend.tests.test_cms_pagebuilder.TestCMSTilesAPI" name="test_nonexistent_tile_returns_404" time="0.051" /><testcase classname="backend.tests.test_cms_pagebuilder.TestEventsAPI" name="test_list_events" time="0.073" /><testcase classname="backend.tests.test_cms_pagebuilder.TestEventsAPI" name="test_get_upcoming_events" time="0.045" /><testcase classname="backend.tests.test_cms_pagebuilder.TestEventsAPI" name="test_event_date_format" time="0.051" /><testcase classname="backend.tests.test_cms_pagebuilder.TestContactFormAPI" name="test_contact_form_submission" time="0.054" /><testcase classname="backend.tests.test_cms_pagebuilder.TestContactFormAPI" name="test_contact_form_validation" time="0.050" /><testcase classname="backend.tests.test_cms_pagebuilder.TestBlockTypes" name="test_contact_form_block_structure" time="0.046" /><testcase classname="backend.tests.test_cms_pagebuilder.TestBlockTypes" name="test_events_block_structure" time="0.047" /></testsuite></testsuites>