<?xml version="1.0" encoding="utf-8"?><testsuites name="pytest tests"><testsuite name="pytest" errors="0" failures="0" skipped="0" tests="15" time="2.015" timestamp="2026-03-01T09:59:36.805941+00:00" hostname="agent-env-bb163578-bfa5-43ef-9987-19fb2fa92f42"><testcase classname="backend.tests.test_iteration_12.TestRSSFeedsEndpoint" name="test_get_rss_feeds_endpoint_exists" time="0.560" /><testcase classname="backend.tests.test_iteration_12.TestRSSFeedsEndpoint" name="test_create_rss_feed" time="0.110" /><testcase classname="backend.tests.test_iteration_12.TestRSSFeedsEndpoint" name="test_update_rss_feed" time="0.156" /><testcase classname="backend.tests.test_iteration_12.TestRSSFeedsEndpoint" name="test_delete_rss_feed" time="0.164" /><testcase classname="backend.tests.test_iteration_12.TestNavigationWithCMSTiles" name="test_navigation_public_returns_items" time="0.052" /><testcase classname="backend.tests.test_iteration_12.TestNavigationWithCMSTiles" name="test_navigation_includes_cms_tiles" time="0.054" /><testcase classname="backend.tests.test_iteration_12.TestNavigationWithCMSTiles" name="test_navigation_cms_tiles_have_correct_paths" time="0.050" /><testcase classname="backend.tests.test_iteration_12.TestExecutiveTrainingPPTManagement" name="test_get_uploaded_presentations_endpoint" time="0.052" /><testcase classname="backend.tests.test_iteration_12.TestExecutiveTrainingPPTManagement" name="test_update_presentation_endpoint_exists" time="0.100" /><testcase classname="backend.tests.test_iteration_12.TestExecutiveTrainingPPTManagement" name="test_bulk_delete_endpoint_exists" time="0.053" /><testcase classname="backend.tests.test_iteration_12.TestFormsPage" name="test_contact_submissions_endpoint" time="0.054" /><testcase classname="backend.tests.test_iteration_12.TestFormsPage" name="test_inquiries_endpoint_for_access_requests" time="0.050" /><testcase classname="backend.tests.test_iteration_12.TestFormsPage" name="test_submit_contact_form" time="0.363" /><testcase classname="backend.tests.test_iteration_12.TestFormsPage" name="test_update_contact_submission_status" time="0.099" /><testcase classname="backend.tests.test_iteration_12.TestCertificateService" name="test_certificate_endpoint_exists" time="0.050" /></testsuite></testsuites>