<?xml version="1.0" encoding="utf-8"?><testsuites name="pytest tests"><testsuite name="pytest" errors="0" failures="0" skipped="0" tests="14" time="2.135" timestamp="2026-03-01T08:29:29.583849+00:00" hostname="agent-env-2c6f3de5-3cab-4fbc-a409-9dd344ed2232"><testcase classname="tests.test_features.TestAuthLoginWithout2FA" name="test_login_endpoint_exists" time="0.232" /><testcase classname="tests.test_features.TestAuthLoginWithout2FA" name="test_login_without_2fa_field_succeeds" time="0.278" /><testcase classname="tests.test_features.TestAuthLoginWithout2FA" name="test_login_response_structure" time="0.281" /><testcase classname="tests.test_features.TestOnlineUsersEndpoint" name="test_online_users_endpoint_exists" time="0.382" /><testcase classname="tests.test_features.TestOnlineUsersEndpoint" name="test_online_users_returns_correct_structure" time="0.061" /><testcase classname="tests.test_features.TestOnlineUsersEndpoint" name="test_online_users_default_minutes_is_5" time="0.055" /><testcase classname="tests.test_features.TestOnlineUsersEndpoint" name="test_online_users_custom_minutes" time="0.057" /><testcase classname="tests.test_features.TestOnlineUsersEndpoint" name="test_online_users_requires_auth" time="0.107" /><testcase classname="tests.test_features.TestExecutiveTrainingModulesAPI" name="test_available_modules_endpoint" time="0.131" /><testcase classname="tests.test_features.TestExecutiveTrainingModulesAPI" name="test_available_modules_contains_data" time="0.057" /><testcase classname="tests.test_features.TestExecutiveTrainingModulesAPI" name="test_generate_presentation_endpoint" time="0.183" /><testcase classname="tests.test_features.TestExecutiveTrainingModulesAPI" name="test_generate_presentation_requires_auth" time="0.099" /><testcase classname="tests.test_features.TestExecutiveTrainingModulesAPI" name="test_available_modules_requires_auth" time="0.100" /><testcase classname="tests.test_features.TestHealthEndpoint" name="test_health_check" time="0.064" /></testsuite></testsuites>