<?xml version="1.0" encoding="utf-8"?><testsuites name="pytest tests"><testsuite name="pytest" errors="0" failures="0" skipped="0" tests="13" time="7.409" timestamp="2026-02-18T10:56:35.399318+00:00" hostname="agent-env-36c55c86-1afc-4ee2-b5f2-06619cde340f"><testcase classname="tests.test_security.TestSecurityHeaders" name="test_security_headers_on_health_endpoint" time="0.633" /><testcase classname="tests.test_security.TestSecurityHeaders" name="test_rate_limit_headers_present" time="0.602" /><testcase classname="tests.test_security.TestSecurityHeaders" name="test_security_headers_on_auth_endpoints" time="0.503" /><testcase classname="tests.test_security.TestRateLimiting" name="test_login_rate_limit_headers" time="0.460" /><testcase classname="tests.test_security.TestAccountLockout" name="test_invalid_credentials_returns_401" time="0.492" /><testcase classname="tests.test_security.TestAccountLockout" name="test_valid_credentials_login" time="0.681" /><testcase classname="tests.test_security.TestPasswordPolicy" name="test_weak_password_rejected_short" time="0.427" /><testcase classname="tests.test_security.TestPasswordPolicy" name="test_weak_password_rejected_no_uppercase" time="0.470" /><testcase classname="tests.test_security.TestPasswordPolicy" name="test_weak_password_rejected_no_special" time="0.464" /><testcase classname="tests.test_security.TestPasswordPolicy" name="test_common_password_rejected" time="0.461" /><testcase classname="tests.test_security.TestAPIEndpointsHaveSecurityHeaders" name="test_organizations_endpoint_has_headers" time="1.181" /><testcase classname="tests.test_security.TestAPIEndpointsHaveSecurityHeaders" name="test_pages_endpoint_has_headers" time="0.486" /><testcase classname="tests.test_security.TestAPIEndpointsHaveSecurityHeaders" name="test_content_endpoint_has_headers" time="0.482" /></testsuite></testsuites>