<?xml version="1.0" encoding="utf-8"?><testsuites name="pytest tests"><testsuite name="pytest" errors="0" failures="1" skipped="1" tests="13" time="6.303" timestamp="2026-02-18T10:56:13.227225+00:00" hostname="agent-env-36c55c86-1afc-4ee2-b5f2-06619cde340f"><testcase classname="tests.test_security.TestSecurityHeaders" name="test_security_headers_on_health_endpoint" time="0.623" /><testcase classname="tests.test_security.TestSecurityHeaders" name="test_rate_limit_headers_present" time="0.429" /><testcase classname="tests.test_security.TestSecurityHeaders" name="test_security_headers_on_auth_endpoints" time="0.435" /><testcase classname="tests.test_security.TestRateLimiting" name="test_login_rate_limit_headers" time="0.615" /><testcase classname="tests.test_security.TestAccountLockout" name="test_invalid_credentials_returns_401" time="0.462" /><testcase classname="tests.test_security.TestAccountLockout" name="test_valid_credentials_login" time="0.460"><failure message="AssertionError: Expected 200, got 429: {&quot;detail&quot;:&quot;Account temporarily locked. Try again in 13 minutes.&quot;}&#10;assert 429 == 200&#10; +  where 429 = &lt;Response [429]&gt;.status_code">tests/test_security.py:113: in test_valid_credentials_login
    assert response.status_code == 200, f"Expected 200, got {response.status_code}: {response.text}"
E   AssertionError: Expected 200, got 429: {"detail":"Account temporarily locked. Try again in 13 minutes."}
E   assert 429 == 200
E    +  where 429 = &lt;Response [429]&gt;.status_code</failure></testcase><testcase classname="tests.test_security.TestPasswordPolicy" name="test_weak_password_rejected_short" time="0.411" /><testcase classname="tests.test_security.TestPasswordPolicy" name="test_weak_password_rejected_no_uppercase" time="0.471" /><testcase classname="tests.test_security.TestPasswordPolicy" name="test_weak_password_rejected_no_special" time="0.436" /><testcase classname="tests.test_security.TestPasswordPolicy" name="test_common_password_rejected" time="0.473" /><testcase classname="tests.test_security.TestAPIEndpointsHaveSecurityHeaders" name="test_organizations_endpoint_has_headers" time="0.441"><skipped type="pytest.skip" message="Could not authenticate">/app/backend/tests/test_security.py:184: Could not authenticate</skipped></testcase><testcase classname="tests.test_security.TestAPIEndpointsHaveSecurityHeaders" name="test_pages_endpoint_has_headers" time="0.423" /><testcase classname="tests.test_security.TestAPIEndpointsHaveSecurityHeaders" name="test_content_endpoint_has_headers" time="0.445" /></testsuite></testsuites>